;  LST file generated by mikroListExporter - v.2.0 
; Date/Time: 15.03.2023 09:46:37
;----------------------------------------------

;Address Opcode 	ASM
____SysVT:
0x8000000	0xFFFC2004  	537198588
0x8000004	0x06B10800  	134219441
0x8000008	0x06850800  	134219397
0x800000C	0x06850800  	134219397
0x8000010	0x06850800  	134219397
0x8000014	0x06850800  	134219397
0x8000018	0x06850800  	134219397
0x800001C	0x06850800  	134219397
0x8000020	0x06850800  	134219397
0x8000024	0x06850800  	134219397
0x8000028	0x06850800  	134219397
0x800002C	0x06850800  	134219397
0x8000030	0x06850800  	134219397
0x8000034	0x06850800  	134219397
0x8000038	0x06850800  	134219397
0x800003C	0x06850800  	134219397
0x8000040	0x06850800  	134219397
0x8000044	0x06850800  	134219397
0x8000048	0x06850800  	134219397
0x800004C	0x06850800  	134219397
0x8000050	0x06850800  	134219397
0x8000054	0x06850800  	134219397
0x8000058	0x06850800  	134219397
0x800005C	0x06850800  	134219397
0x8000060	0x06850800  	134219397
0x8000064	0x06850800  	134219397
0x8000068	0x06850800  	134219397
0x800006C	0x06850800  	134219397
0x8000070	0x06850800  	134219397
0x8000074	0x06850800  	134219397
0x8000078	0x06850800  	134219397
0x800007C	0x06850800  	134219397
0x8000080	0x06850800  	134219397
0x8000084	0x06850800  	134219397
0x8000088	0x06850800  	134219397
0x800008C	0x06850800  	134219397
0x8000090	0x06850800  	134219397
0x8000094	0x06850800  	134219397
0x8000098	0x06850800  	134219397
0x800009C	0x06850800  	134219397
0x80000A0	0x06850800  	134219397
0x80000A4	0x06850800  	134219397
0x80000A8	0x06850800  	134219397
0x80000AC	0x06850800  	134219397
0x80000B0	0x06850800  	134219397
0x80000B4	0x06850800  	134219397
0x80000B8	0x06850800  	134219397
0x80000BC	0x06850800  	134219397
0x80000C0	0x06850800  	134219397
0x80000C4	0x06850800  	134219397
0x80000C8	0x06850800  	134219397
0x80000CC	0x06850800  	134219397
0x80000D0	0x06850800  	134219397
0x80000D4	0x06850800  	134219397
0x80000D8	0x06850800  	134219397
0x80000DC	0x06850800  	134219397
0x80000E0	0x06850800  	134219397
0x80000E4	0x06850800  	134219397
0x80000E8	0x06850800  	134219397
0x80000EC	0x06850800  	134219397
0x80000F0	0x06850800  	134219397
0x80000F4	0x06850800  	134219397
0x80000F8	0x06850800  	134219397
0x80000FC	0x06850800  	134219397
0x8000100	0x06850800  	134219397
0x8000104	0x06850800  	134219397
0x8000108	0x06850800  	134219397
0x800010C	0x06850800  	134219397
0x8000110	0x06850800  	134219397
0x8000114	0x06850800  	134219397
0x8000118	0x06850800  	134219397
0x800011C	0x06850800  	134219397
0x8000120	0x06850800  	134219397
0x8000124	0x06850800  	134219397
0x8000128	0x06850800  	134219397
0x800012C	0x06850800  	134219397
0x8000130	0x06850800  	134219397
0x8000134	0x06850800  	134219397
0x8000138	0x06850800  	134219397
0x800013C	0x06850800  	134219397
0x8000140	0x06850800  	134219397
0x8000144	0x06850800  	134219397
0x8000148	0x06850800  	134219397
0x800014C	0x06850800  	134219397
0x8000150	0x06850800  	134219397
0x8000154	0x06850800  	134219397
0x8000158	0x06850800  	134219397
0x800015C	0x06850800  	134219397
0x8000160	0x06850800  	134219397
0x8000164	0x06850800  	134219397
0x8000168	0x06850800  	134219397
0x800016C	0x06850800  	134219397
0x8000170	0x06850800  	134219397
0x8000174	0x06850800  	134219397
0x8000178	0x06850800  	134219397
0x800017C	0x06850800  	134219397
0x8000180	0x06850800  	134219397
0x8000184	0x06850800  	134219397
0x8000188	0x06850800  	134219397
0x800018C	0x06850800  	134219397
0x8000190	0x06850800  	134219397
0x8000194	0x06850800  	134219397
0x8000198	0x06850800  	134219397
0x800019C	0x06850800  	134219397
0x80001A0	0x06850800  	134219397
0x80001A4	0x06850800  	134219397
0x80001A8	0x06850800  	134219397
0x80001AC	0x06850800  	134219397
0x80001B0	0x06850800  	134219397
0x80001B4	0x06850800  	134219397
0x80001B8	0x06850800  	134219397
0x80001BC	0x06850800  	134219397
0x80001C0	0x06850800  	134219397
0x80001C4	0x06850800  	134219397
; end of ____SysVT
_main:
;button3Define.c, 4 :: 		void main() {
0x80006B0	0xF000F82A  BL	134219528
0x80006B4	0xF7FFFFCC  BL	134219344
0x80006B8	0xF000FA46  BL	134220616
0x80006BC	0xF7FFFFE6  BL	134219404
;button3Define.c, 5 :: 		GPIO_Digital_Input(&GPIOA_IDR,_GPIO_PINMASK_0);
0x80006C0	0xF2400101  MOVW	R1, #1
0x80006C4	0x480E    LDR	R0, [PC, #56]
0x80006C6	0xF7FFFF65  BL	_GPIO_Digital_Input+0
;button3Define.c, 6 :: 		GPIO_Digital_Input(&GPIOD_ODR,_GPIO_PINMASK_15);
0x80006CA	0xF2480100  MOVW	R1, #32768
0x80006CE	0x480D    LDR	R0, [PC, #52]
0x80006D0	0xF7FFFF60  BL	_GPIO_Digital_Input+0
;button3Define.c, 8 :: 		while(1){
L_main0:
;button3Define.c, 9 :: 		if (BUTTON){
0x80006D4	0x2301    MOVS	R3, #1
0x80006D6	0x2264    MOVS	R2, #100
0x80006D8	0x2100    MOVS	R1, #0
0x80006DA	0x4809    LDR	R0, [PC, #36]
0x80006DC	0xF7FFFF84  BL	_Button+0
0x80006E0	0xB158    CBZ	R0, L_main2
;button3Define.c, 10 :: 		while(1){
L_main3:
;button3Define.c, 11 :: 		MaviLed= ~MaviLed;
0x80006E2	0x4808    LDR	R0, [PC, #32]
0x80006E4	0x6801    LDR	R1, [R0, #0]
0x80006E6	0xF3C130C0  UBFX	R0, R1, #15, #1
0x80006EA	0xF0800201  EOR	R2, R0, #1
0x80006EE	0x4905    LDR	R1, [PC, #20]
0x80006F0	0x6808    LDR	R0, [R1, #0]
0x80006F2	0xF36230CF  BFI	R0, R2, #15, #1
0x80006F6	0x6008    STR	R0, [R1, #0]
;button3Define.c, 12 :: 		}
0x80006F8	0xE7F3    B	L_main3
;button3Define.c, 13 :: 		}
L_main2:
;button3Define.c, 14 :: 		}
0x80006FA	0xE7EB    B	L_main0
;button3Define.c, 15 :: 		}
L_end_main:
L__main_end_loop:
0x80006FC	0xE7FE    B	L__main_end_loop
0x80006FE	0xBF00    NOP
0x8000700	0x00104002  	GPIOA_IDR+0
0x8000704	0x0C144002  	GPIOD_ODR+0
; end of _main
___FillZeros:
;__Lib_System_F7xx.c, 86 :: 		
0x80005AC	0xB081    SUB	SP, SP, #4
;__Lib_System_F7xx.c, 88 :: 		
0x80005AE	0xF04F0900  MOV	R9, #0
;__Lib_System_F7xx.c, 89 :: 		
0x80005B2	0xF04F0C00  MOV	R12, #0
;__Lib_System_F7xx.c, 90 :: 		
0x80005B6	0xEBBD0F0A  CMP	SP, R10, LSL #0
;__Lib_System_F7xx.c, 91 :: 		
0x80005BA	0xDC04    BGT	L_loopFZs
;__Lib_System_F7xx.c, 92 :: 		
0x80005BC	0xEBBD0F0B  CMP	SP, R11, LSL #0
;__Lib_System_F7xx.c, 93 :: 		
0x80005C0	0xDB01    BLT	L_loopFZs
;__Lib_System_F7xx.c, 94 :: 		
0x80005C2	0x46D4    MOV	R12, R10
;__Lib_System_F7xx.c, 95 :: 		
0x80005C4	0x46EA    MOV	R10, SP
;__Lib_System_F7xx.c, 96 :: 		
L_loopFZs:
;__Lib_System_F7xx.c, 97 :: 		
0x80005C6	0xF84B9B04  STR	R9, [R11], #4
;__Lib_System_F7xx.c, 98 :: 		
0x80005CA	0xEBBB0F0A  CMP	R11, R10, LSL #0
;__Lib_System_F7xx.c, 99 :: 		
0x80005CE	0xD1FA    BNE	L_loopFZs
;__Lib_System_F7xx.c, 100 :: 		
0x80005D0	0xEBBC0F0A  CMP	R12, R10, LSL #0
;__Lib_System_F7xx.c, 101 :: 		
0x80005D4	0xDD05    BLE	L_norep
;__Lib_System_F7xx.c, 102 :: 		
0x80005D6	0x46E2    MOV	R10, R12
;__Lib_System_F7xx.c, 103 :: 		
0x80005D8	0xF8D9B000  LDR	R11, [R9, #0]
;__Lib_System_F7xx.c, 104 :: 		
0x80005DC	0xF10B0B04  ADD	R11, R11, #4
;__Lib_System_F7xx.c, 105 :: 		
0x80005E0	0xE7F1    B	L_loopFZs
;__Lib_System_F7xx.c, 106 :: 		
L_norep:
;__Lib_System_F7xx.c, 108 :: 		
L_end___FillZeros:
0x80005E2	0xB001    ADD	SP, SP, #4
0x80005E4	0x4770    BX	LR
; end of ___FillZeros
_GPIO_Digital_Input:
;__Lib_GPIO_32F7xx.c, 245 :: 		
; pin_mask start address is: 4 (R1)
; port start address is: 0 (R0)
0x8000594	0xB081    SUB	SP, SP, #4
0x8000596	0xF8CDE000  STR	LR, [SP, #0]
; pin_mask end address is: 4 (R1)
; port end address is: 0 (R0)
; port start address is: 0 (R0)
; pin_mask start address is: 4 (R1)
;__Lib_GPIO_32F7xx.c, 246 :: 		
0x800059A	0xF04F0242  MOV	R2, #66
0x800059E	0xB289    UXTH	R1, R1
; pin_mask end address is: 4 (R1)
; port end address is: 0 (R0)
0x80005A0	0xF7FFFE76  BL	_GPIO_Config+0
;__Lib_GPIO_32F7xx.c, 247 :: 		
L_end_GPIO_Digital_Input:
0x80005A4	0xF8DDE000  LDR	LR, [SP, #0]
0x80005A8	0xB001    ADD	SP, SP, #4
0x80005AA	0x4770    BX	LR
; end of _GPIO_Digital_Input
_GPIO_Config:
;__Lib_GPIO_32F7xx.c, 80 :: 		
; config start address is: 8 (R2)
; pin_mask start address is: 4 (R1)
; port start address is: 0 (R0)
0x8000290	0xB084    SUB	SP, SP, #16
0x8000292	0xF8CDE000  STR	LR, [SP, #0]
0x8000296	0xB28D    UXTH	R5, R1
0x8000298	0x4616    MOV	R6, R2
; config end address is: 8 (R2)
; pin_mask end address is: 4 (R1)
; port end address is: 0 (R0)
; port start address is: 0 (R0)
; pin_mask start address is: 20 (R5)
; config start address is: 24 (R6)
;__Lib_GPIO_32F7xx.c, 81 :: 		
;__Lib_GPIO_32F7xx.c, 82 :: 		
;__Lib_GPIO_32F7xx.c, 86 :: 		
0x800029A	0x4B86    LDR	R3, [PC, #536]
0x800029C	0xEA000303  AND	R3, R0, R3, LSL #0
; port end address is: 0 (R0)
; port start address is: 28 (R7)
0x80002A0	0x461F    MOV	R7, R3
;__Lib_GPIO_32F7xx.c, 88 :: 		
0x80002A2	0x4618    MOV	R0, R3
0x80002A4	0xF7FFFF90  BL	_GPIO_Clk_Enable+0
;__Lib_GPIO_32F7xx.c, 91 :: 		
0x80002A8	0xF1B50FFF  CMP	R5, #255
0x80002AC	0xD120    BNE	L_GPIO_Config26
;__Lib_GPIO_32F7xx.c, 92 :: 		
0x80002AE	0x683C    LDR	R4, [R7, #0]
;__Lib_GPIO_32F7xx.c, 93 :: 		
0x80002B0	0x4B81    LDR	R3, [PC, #516]
0x80002B2	0xEA040303  AND	R3, R4, R3, LSL #0
; tmp start address is: 0 (R0)
0x80002B6	0x4618    MOV	R0, R3
;__Lib_GPIO_32F7xx.c, 94 :: 		
0x80002B8	0x4B80    LDR	R3, [PC, #512]
0x80002BA	0x429E    CMP	R6, R3
0x80002BC	0xD114    BNE	L_GPIO_Config27
; pin_mask end address is: 20 (R5)
; config end address is: 24 (R6)
;__Lib_GPIO_32F7xx.c, 95 :: 		
0x80002BE	0xF2455355  MOVW	R3, #21845
0x80002C2	0xEA400303  ORR	R3, R0, R3, LSL #0
; tmp end address is: 0 (R0)
;__Lib_GPIO_32F7xx.c, 96 :: 		
0x80002C6	0x603B    STR	R3, [R7, #0]
;__Lib_GPIO_32F7xx.c, 97 :: 		
0x80002C8	0x1D3D    ADDS	R5, R7, #4
0x80002CA	0x682C    LDR	R4, [R5, #0]
0x80002CC	0xF06F03FF  MVN	R3, #255
0x80002D0	0xEA040303  AND	R3, R4, R3, LSL #0
0x80002D4	0x602B    STR	R3, [R5, #0]
;__Lib_GPIO_32F7xx.c, 98 :: 		
0x80002D6	0xF2070508  ADDW	R5, R7, #8
; port end address is: 28 (R7)
0x80002DA	0x682C    LDR	R4, [R5, #0]
0x80002DC	0xF64F73FF  MOVW	R3, #65535
0x80002E0	0xEA440303  ORR	R3, R4, R3, LSL #0
0x80002E4	0x602B    STR	R3, [R5, #0]
;__Lib_GPIO_32F7xx.c, 99 :: 		
0x80002E6	0xE0E1    B	L_end_GPIO_Config
;__Lib_GPIO_32F7xx.c, 100 :: 		
L_GPIO_Config27:
;__Lib_GPIO_32F7xx.c, 101 :: 		
; port start address is: 28 (R7)
; tmp start address is: 0 (R0)
; config start address is: 24 (R6)
; pin_mask start address is: 20 (R5)
0x80002E8	0x2E42    CMP	R6, #66
0x80002EA	0xD101    BNE	L_GPIO_Config28
; pin_mask end address is: 20 (R5)
; config end address is: 24 (R6)
;__Lib_GPIO_32F7xx.c, 102 :: 		
0x80002EC	0x6038    STR	R0, [R7, #0]
; tmp end address is: 0 (R0)
; port end address is: 28 (R7)
;__Lib_GPIO_32F7xx.c, 103 :: 		
0x80002EE	0xE0DD    B	L_end_GPIO_Config
;__Lib_GPIO_32F7xx.c, 104 :: 		
L_GPIO_Config28:
;__Lib_GPIO_32F7xx.c, 105 :: 		
; port start address is: 28 (R7)
; config start address is: 24 (R6)
; pin_mask start address is: 20 (R5)
L_GPIO_Config26:
;__Lib_GPIO_32F7xx.c, 107 :: 		
0x80002F0	0xF64F73FF  MOVW	R3, #65535
0x80002F4	0x429D    CMP	R5, R3
0x80002F6	0xD113    BNE	L_GPIO_Config29
;__Lib_GPIO_32F7xx.c, 108 :: 		
0x80002F8	0x4B70    LDR	R3, [PC, #448]
0x80002FA	0x429E    CMP	R6, R3
0x80002FC	0xD10B    BNE	L_GPIO_Config30
; pin_mask end address is: 20 (R5)
; config end address is: 24 (R6)
;__Lib_GPIO_32F7xx.c, 109 :: 		
0x80002FE	0xF04F3355  MOV	R3, #1431655765
0x8000302	0x603B    STR	R3, [R7, #0]
;__Lib_GPIO_32F7xx.c, 110 :: 		
0x8000304	0x1D3C    ADDS	R4, R7, #4
0x8000306	0x2300    MOVS	R3, #0
0x8000308	0x6023    STR	R3, [R4, #0]
;__Lib_GPIO_32F7xx.c, 111 :: 		
0x800030A	0xF2070408  ADDW	R4, R7, #8
; port end address is: 28 (R7)
0x800030E	0xF04F33FF  MOV	R3, #-1
0x8000312	0x6023    STR	R3, [R4, #0]
;__Lib_GPIO_32F7xx.c, 112 :: 		
0x8000314	0xE0CA    B	L_end_GPIO_Config
;__Lib_GPIO_32F7xx.c, 113 :: 		
L_GPIO_Config30:
;__Lib_GPIO_32F7xx.c, 114 :: 		
; port start address is: 28 (R7)
; config start address is: 24 (R6)
; pin_mask start address is: 20 (R5)
0x8000316	0x2E42    CMP	R6, #66
0x8000318	0xD102    BNE	L_GPIO_Config31
; pin_mask end address is: 20 (R5)
; config end address is: 24 (R6)
;__Lib_GPIO_32F7xx.c, 115 :: 		
0x800031A	0x2300    MOVS	R3, #0
0x800031C	0x603B    STR	R3, [R7, #0]
; port end address is: 28 (R7)
;__Lib_GPIO_32F7xx.c, 116 :: 		
0x800031E	0xE0C5    B	L_end_GPIO_Config
;__Lib_GPIO_32F7xx.c, 117 :: 		
L_GPIO_Config31:
;__Lib_GPIO_32F7xx.c, 118 :: 		
; port start address is: 28 (R7)
; config start address is: 24 (R6)
; pin_mask start address is: 20 (R5)
L_GPIO_Config29:
;__Lib_GPIO_32F7xx.c, 120 :: 		
0x8000320	0xF0060301  AND	R3, R6, #1
0x8000324	0xB10B    CBZ	R3, L_GPIO_Config32
;__Lib_GPIO_32F7xx.c, 121 :: 		
; mode start address is: 0 (R0)
0x8000326	0x2003    MOVS	R0, #3
; mode end address is: 0 (R0)
0x8000328	0xE00A    B	L_GPIO_Config33
L_GPIO_Config32:
;__Lib_GPIO_32F7xx.c, 122 :: 		
0x800032A	0xF0060308  AND	R3, R6, #8
0x800032E	0xB10B    CBZ	R3, L_GPIO_Config34
;__Lib_GPIO_32F7xx.c, 123 :: 		
; mode start address is: 0 (R0)
0x8000330	0x2002    MOVS	R0, #2
; mode end address is: 0 (R0)
0x8000332	0xE005    B	L_GPIO_Config35
L_GPIO_Config34:
;__Lib_GPIO_32F7xx.c, 124 :: 		
0x8000334	0xF0060304  AND	R3, R6, #4
0x8000338	0xB10B    CBZ	R3, L_GPIO_Config36
;__Lib_GPIO_32F7xx.c, 125 :: 		
; mode start address is: 0 (R0)
0x800033A	0x2001    MOVS	R0, #1
; mode end address is: 0 (R0)
0x800033C	0xE000    B	L_GPIO_Config37
L_GPIO_Config36:
;__Lib_GPIO_32F7xx.c, 127 :: 		
; mode start address is: 0 (R0)
0x800033E	0x2000    MOVS	R0, #0
; mode end address is: 0 (R0)
L_GPIO_Config37:
; mode start address is: 0 (R0)
; mode end address is: 0 (R0)
L_GPIO_Config35:
; mode start address is: 0 (R0)
; mode end address is: 0 (R0)
L_GPIO_Config33:
;__Lib_GPIO_32F7xx.c, 129 :: 		
; mode start address is: 0 (R0)
0x8000340	0xF4062301  AND	R3, R6, #528384
0x8000344	0xB10B    CBZ	R3, L_GPIO_Config38
;__Lib_GPIO_32F7xx.c, 130 :: 		
; speed start address is: 4 (R1)
0x8000346	0x2103    MOVS	R1, #3
; speed end address is: 4 (R1)
0x8000348	0xE00A    B	L_GPIO_Config39
L_GPIO_Config38:
;__Lib_GPIO_32F7xx.c, 131 :: 		
0x800034A	0xF4066300  AND	R3, R6, #2048
0x800034E	0xB10B    CBZ	R3, L_GPIO_Config40
;__Lib_GPIO_32F7xx.c, 132 :: 		
; speed start address is: 4 (R1)
0x8000350	0x2102    MOVS	R1, #2
; speed end address is: 4 (R1)
0x8000352	0xE005    B	L_GPIO_Config41
L_GPIO_Config40:
;__Lib_GPIO_32F7xx.c, 133 :: 		
0x8000354	0xF4066380  AND	R3, R6, #1024
0x8000358	0xB10B    CBZ	R3, L_GPIO_Config42
;__Lib_GPIO_32F7xx.c, 134 :: 		
; speed start address is: 4 (R1)
0x800035A	0x2101    MOVS	R1, #1
; speed end address is: 4 (R1)
0x800035C	0xE000    B	L_GPIO_Config43
L_GPIO_Config42:
;__Lib_GPIO_32F7xx.c, 136 :: 		
; speed start address is: 4 (R1)
0x800035E	0x2100    MOVS	R1, #0
; speed end address is: 4 (R1)
L_GPIO_Config43:
; speed start address is: 4 (R1)
; speed end address is: 4 (R1)
L_GPIO_Config41:
; speed start address is: 4 (R1)
; speed end address is: 4 (R1)
L_GPIO_Config39:
;__Lib_GPIO_32F7xx.c, 138 :: 		
; speed start address is: 4 (R1)
0x8000360	0xF0060320  AND	R3, R6, #32
0x8000364	0xB10B    CBZ	R3, L_GPIO_Config44
;__Lib_GPIO_32F7xx.c, 139 :: 		
; otype start address is: 8 (R2)
0x8000366	0x2201    MOVS	R2, #1
; otype end address is: 8 (R2)
0x8000368	0xE000    B	L_GPIO_Config45
L_GPIO_Config44:
;__Lib_GPIO_32F7xx.c, 141 :: 		
; otype start address is: 8 (R2)
0x800036A	0x2200    MOVS	R2, #0
; otype end address is: 8 (R2)
L_GPIO_Config45:
;__Lib_GPIO_32F7xx.c, 143 :: 		
; otype start address is: 8 (R2)
0x800036C	0xF4067380  AND	R3, R6, #256
0x8000370	0xB10B    CBZ	R3, L_GPIO_Config46
;__Lib_GPIO_32F7xx.c, 144 :: 		
; pull start address is: 12 (R3)
0x8000372	0x2302    MOVS	R3, #2
; pull end address is: 12 (R3)
0x8000374	0xE005    B	L_GPIO_Config47
L_GPIO_Config46:
;__Lib_GPIO_32F7xx.c, 145 :: 		
0x8000376	0xF0060380  AND	R3, R6, #128
0x800037A	0xB10B    CBZ	R3, L_GPIO_Config48
;__Lib_GPIO_32F7xx.c, 146 :: 		
; pull start address is: 12 (R3)
0x800037C	0x2301    MOVS	R3, #1
; pull end address is: 12 (R3)
0x800037E	0xE000    B	L_GPIO_Config49
L_GPIO_Config48:
;__Lib_GPIO_32F7xx.c, 148 :: 		
; pull start address is: 12 (R3)
0x8000380	0x2300    MOVS	R3, #0
; pull end address is: 12 (R3)
L_GPIO_Config49:
; pull start address is: 12 (R3)
; pull end address is: 12 (R3)
L_GPIO_Config47:
;__Lib_GPIO_32F7xx.c, 152 :: 		
; pull start address is: 12 (R3)
; pinpos start address is: 40 (R10)
0x8000382	0xF2400A00  MOVW	R10, #0
; pin_mask end address is: 20 (R5)
; config end address is: 24 (R6)
; mode end address is: 0 (R0)
; speed end address is: 4 (R1)
; otype end address is: 8 (R2)
; pull end address is: 12 (R3)
; pinpos end address is: 40 (R10)
0x8000386	0x9201    STR	R2, [SP, #4]
0x8000388	0xFA1FF985  UXTH	R9, R5
0x800038C	0x46B0    MOV	R8, R6
0x800038E	0x4606    MOV	R6, R0
0x8000390	0x4618    MOV	R0, R3
0x8000392	0x460A    MOV	R2, R1
0x8000394	0x9901    LDR	R1, [SP, #4]
L_GPIO_Config50:
; pinpos start address is: 40 (R10)
; pin_mask start address is: 36 (R9)
; config start address is: 32 (R8)
; mode start address is: 24 (R6)
; speed start address is: 8 (R2)
; otype start address is: 4 (R1)
; pull start address is: 0 (R0)
; pull start address is: 0 (R0)
; pull end address is: 0 (R0)
; otype start address is: 4 (R1)
; otype end address is: 4 (R1)
; speed start address is: 8 (R2)
; speed end address is: 8 (R2)
; mode start address is: 24 (R6)
; mode end address is: 24 (R6)
; port start address is: 28 (R7)
; port end address is: 28 (R7)
; config start address is: 32 (R8)
; config end address is: 32 (R8)
; pin_mask start address is: 36 (R9)
; pin_mask end address is: 36 (R9)
0x8000396	0xF1BA0F10  CMP	R10, #16
0x800039A	0xF0808087  BCS	L_GPIO_Config51
; pull end address is: 0 (R0)
; otype end address is: 4 (R1)
; speed end address is: 8 (R2)
; mode end address is: 24 (R6)
; port end address is: 28 (R7)
; config end address is: 32 (R8)
; pin_mask end address is: 36 (R9)
;__Lib_GPIO_32F7xx.c, 154 :: 		
; pin_mask start address is: 36 (R9)
; config start address is: 32 (R8)
; port start address is: 28 (R7)
; mode start address is: 24 (R6)
; speed start address is: 8 (R2)
; otype start address is: 4 (R1)
; pull start address is: 0 (R0)
0x800039E	0xF04F0301  MOV	R3, #1
0x80003A2	0xFA03F40A  LSL	R4, R3, R10
;__Lib_GPIO_32F7xx.c, 156 :: 		
0x80003A6	0xEA090304  AND	R3, R9, R4, LSL #0
;__Lib_GPIO_32F7xx.c, 158 :: 		
0x80003AA	0x42A3    CMP	R3, R4
0x80003AC	0xF040807B  BNE	L_GPIO_Config53
;__Lib_GPIO_32F7xx.c, 160 :: 		
0x80003B0	0xEA4F044A  LSL	R4, R10, #1
0x80003B4	0xF04F0303  MOV	R3, #3
0x80003B8	0x40A3    LSLS	R3, R4
0x80003BA	0x43DC    MVN	R4, R3
0x80003BC	0x683B    LDR	R3, [R7, #0]
0x80003BE	0x4023    ANDS	R3, R4
0x80003C0	0x603B    STR	R3, [R7, #0]
;__Lib_GPIO_32F7xx.c, 161 :: 		
0x80003C2	0xEA4F034A  LSL	R3, R10, #1
0x80003C6	0xFA06F403  LSL	R4, R6, R3
0x80003CA	0x683B    LDR	R3, [R7, #0]
0x80003CC	0x4323    ORRS	R3, R4
0x80003CE	0x603B    STR	R3, [R7, #0]
;__Lib_GPIO_32F7xx.c, 163 :: 		
0x80003D0	0xF008030C  AND	R3, R8, #12
0x80003D4	0xB33B    CBZ	R3, L_GPIO_Config54
;__Lib_GPIO_32F7xx.c, 166 :: 		
0x80003D6	0xF2070508  ADDW	R5, R7, #8
0x80003DA	0xEA4F044A  LSL	R4, R10, #1
0x80003DE	0xF04F0303  MOV	R3, #3
0x80003E2	0x40A3    LSLS	R3, R4
0x80003E4	0x43DC    MVN	R4, R3
0x80003E6	0x682B    LDR	R3, [R5, #0]
0x80003E8	0x4023    ANDS	R3, R4
0x80003EA	0x602B    STR	R3, [R5, #0]
;__Lib_GPIO_32F7xx.c, 167 :: 		
0x80003EC	0xF2070508  ADDW	R5, R7, #8
0x80003F0	0xEA4F034A  LSL	R3, R10, #1
0x80003F4	0xFA02F403  LSL	R4, R2, R3
0x80003F8	0x682B    LDR	R3, [R5, #0]
0x80003FA	0x4323    ORRS	R3, R4
0x80003FC	0x602B    STR	R3, [R5, #0]
;__Lib_GPIO_32F7xx.c, 170 :: 		
0x80003FE	0x1D3D    ADDS	R5, R7, #4
0x8000400	0xFA1FF48A  UXTH	R4, R10
0x8000404	0xF04F0301  MOV	R3, #1
0x8000408	0x40A3    LSLS	R3, R4
0x800040A	0x43DC    MVN	R4, R3
0x800040C	0x682B    LDR	R3, [R5, #0]
0x800040E	0x4023    ANDS	R3, R4
0x8000410	0x602B    STR	R3, [R5, #0]
;__Lib_GPIO_32F7xx.c, 171 :: 		
0x8000412	0x1D3D    ADDS	R5, R7, #4
0x8000414	0xFA1FF48A  UXTH	R4, R10
0x8000418	0xB28B    UXTH	R3, R1
0x800041A	0xFA03F404  LSL	R4, R3, R4
0x800041E	0xB2A4    UXTH	R4, R4
0x8000420	0x682B    LDR	R3, [R5, #0]
0x8000422	0x4323    ORRS	R3, R4
0x8000424	0x602B    STR	R3, [R5, #0]
;__Lib_GPIO_32F7xx.c, 172 :: 		
L_GPIO_Config54:
;__Lib_GPIO_32F7xx.c, 175 :: 		
0x8000426	0xF207050C  ADDW	R5, R7, #12
0x800042A	0xFA1FF38A  UXTH	R3, R10
0x800042E	0x005C    LSLS	R4, R3, #1
0x8000430	0xB2A4    UXTH	R4, R4
0x8000432	0xF04F0303  MOV	R3, #3
0x8000436	0x40A3    LSLS	R3, R4
0x8000438	0x43DC    MVN	R4, R3
0x800043A	0x682B    LDR	R3, [R5, #0]
0x800043C	0x4023    ANDS	R3, R4
0x800043E	0x602B    STR	R3, [R5, #0]
;__Lib_GPIO_32F7xx.c, 176 :: 		
0x8000440	0xF207050C  ADDW	R5, R7, #12
0x8000444	0xEA4F034A  LSL	R3, R10, #1
0x8000448	0xFA00F403  LSL	R4, R0, R3
0x800044C	0x682B    LDR	R3, [R5, #0]
0x800044E	0x4323    ORRS	R3, R4
0x8000450	0x602B    STR	R3, [R5, #0]
;__Lib_GPIO_32F7xx.c, 178 :: 		
0x8000452	0xF0080308  AND	R3, R8, #8
0x8000456	0xB333    CBZ	R3, L_GPIO_Config55
;__Lib_GPIO_32F7xx.c, 179 :: 		
0x8000458	0xF4080370  AND	R3, R8, #15728640
0x800045C	0x0D1B    LSRS	R3, R3, #20
0x800045E	0xF88D300C  STRB	R3, [SP, #12]
;__Lib_GPIO_32F7xx.c, 180 :: 		
0x8000462	0xF1BA0F07  CMP	R10, #7
0x8000466	0xD905    BLS	L_GPIO_Config56
;__Lib_GPIO_32F7xx.c, 181 :: 		
0x8000468	0xF2070324  ADDW	R3, R7, #36
0x800046C	0x9302    STR	R3, [SP, #8]
;__Lib_GPIO_32F7xx.c, 182 :: 		
0x800046E	0xF1AA0508  SUB	R5, R10, #8
; pos start address is: 20 (R5)
;__Lib_GPIO_32F7xx.c, 183 :: 		
; pos end address is: 20 (R5)
0x8000472	0xE003    B	L_GPIO_Config57
L_GPIO_Config56:
;__Lib_GPIO_32F7xx.c, 184 :: 		
0x8000474	0xF2070320  ADDW	R3, R7, #32
0x8000478	0x9302    STR	R3, [SP, #8]
;__Lib_GPIO_32F7xx.c, 185 :: 		
; pos start address is: 20 (R5)
0x800047A	0x4655    MOV	R5, R10
; pos end address is: 20 (R5)
;__Lib_GPIO_32F7xx.c, 186 :: 		
L_GPIO_Config57:
;__Lib_GPIO_32F7xx.c, 187 :: 		
; pos start address is: 20 (R5)
0x800047C	0x00AC    LSLS	R4, R5, #2
0x800047E	0xF04F030F  MOV	R3, #15
0x8000482	0x40A3    LSLS	R3, R4
0x8000484	0x43DC    MVN	R4, R3
0x8000486	0x9B02    LDR	R3, [SP, #8]
0x8000488	0x681B    LDR	R3, [R3, #0]
0x800048A	0xEA030404  AND	R4, R3, R4, LSL #0
0x800048E	0x9B02    LDR	R3, [SP, #8]
0x8000490	0x601C    STR	R4, [R3, #0]
;__Lib_GPIO_32F7xx.c, 188 :: 		
0x8000492	0xF89D400C  LDRB	R4, [SP, #12]
0x8000496	0x00AB    LSLS	R3, R5, #2
; pos end address is: 20 (R5)
0x8000498	0x409C    LSLS	R4, R3
0x800049A	0x9B02    LDR	R3, [SP, #8]
0x800049C	0x681B    LDR	R3, [R3, #0]
0x800049E	0xEA430404  ORR	R4, R3, R4, LSL #0
0x80004A2	0x9B02    LDR	R3, [SP, #8]
0x80004A4	0x601C    STR	R4, [R3, #0]
;__Lib_GPIO_32F7xx.c, 189 :: 		
L_GPIO_Config55:
;__Lib_GPIO_32F7xx.c, 191 :: 		
L_GPIO_Config53:
;__Lib_GPIO_32F7xx.c, 152 :: 		
0x80004A6	0xF10A0A01  ADD	R10, R10, #1
;__Lib_GPIO_32F7xx.c, 192 :: 		
; pull end address is: 0 (R0)
; otype end address is: 4 (R1)
; speed end address is: 8 (R2)
; mode end address is: 24 (R6)
; port end address is: 28 (R7)
; config end address is: 32 (R8)
; pin_mask end address is: 36 (R9)
; pinpos end address is: 40 (R10)
0x80004AA	0xE774    B	L_GPIO_Config50
L_GPIO_Config51:
;__Lib_GPIO_32F7xx.c, 193 :: 		
L_end_GPIO_Config:
0x80004AC	0xF8DDE000  LDR	LR, [SP, #0]
0x80004B0	0xB004    ADD	SP, SP, #16
0x80004B2	0x4770    BX	LR
0x80004B4	0xFC00FFFF  	#-1024
0x80004B8	0x0000FFFF  	#-65536
0x80004BC	0x00140008  	#524308
; end of _GPIO_Config
_GPIO_Clk_Enable:
;__Lib_GPIO_32F7xx.c, 28 :: 		
; gpio_port start address is: 0 (R0)
0x80001C8	0xB081    SUB	SP, SP, #4
; gpio_port end address is: 0 (R0)
; gpio_port start address is: 0 (R0)
;__Lib_GPIO_32F7xx.c, 30 :: 		
0x80001CA	0x4924    LDR	R1, [PC, #144]
0x80001CC	0xEA000101  AND	R1, R0, R1, LSL #0
; gpio_port end address is: 0 (R0)
; prt start address is: 0 (R0)
0x80001D0	0x4608    MOV	R0, R1
;__Lib_GPIO_32F7xx.c, 31 :: 		
; pos start address is: 8 (R2)
0x80001D2	0x2200    MOVS	R2, #0
;__Lib_GPIO_32F7xx.c, 32 :: 		
0x80001D4	0xE018    B	L_GPIO_Clk_Enable0
; prt end address is: 0 (R0)
; pos end address is: 8 (R2)
;__Lib_GPIO_32F7xx.c, 33 :: 		
L_GPIO_Clk_Enable2:
; pos start address is: 0 (R0)
0x80001D6	0x2001    MOVS	R0, #1
; pos end address is: 0 (R0)
0x80001D8	0xE038    B	L_GPIO_Clk_Enable1
;__Lib_GPIO_32F7xx.c, 34 :: 		
L_GPIO_Clk_Enable3:
; pos start address is: 0 (R0)
0x80001DA	0x2002    MOVS	R0, #2
; pos end address is: 0 (R0)
0x80001DC	0xE036    B	L_GPIO_Clk_Enable1
;__Lib_GPIO_32F7xx.c, 35 :: 		
L_GPIO_Clk_Enable4:
; pos start address is: 0 (R0)
0x80001DE	0x2004    MOVS	R0, #4
; pos end address is: 0 (R0)
0x80001E0	0xE034    B	L_GPIO_Clk_Enable1
;__Lib_GPIO_32F7xx.c, 36 :: 		
L_GPIO_Clk_Enable5:
; pos start address is: 0 (R0)
0x80001E2	0x2008    MOVS	R0, #8
; pos end address is: 0 (R0)
0x80001E4	0xE032    B	L_GPIO_Clk_Enable1
;__Lib_GPIO_32F7xx.c, 37 :: 		
L_GPIO_Clk_Enable6:
; pos start address is: 0 (R0)
0x80001E6	0x2010    MOVS	R0, #16
; pos end address is: 0 (R0)
0x80001E8	0xE030    B	L_GPIO_Clk_Enable1
;__Lib_GPIO_32F7xx.c, 38 :: 		
L_GPIO_Clk_Enable7:
; pos start address is: 0 (R0)
0x80001EA	0x2020    MOVS	R0, #32
; pos end address is: 0 (R0)
0x80001EC	0xE02E    B	L_GPIO_Clk_Enable1
;__Lib_GPIO_32F7xx.c, 39 :: 		
L_GPIO_Clk_Enable8:
; pos start address is: 0 (R0)
0x80001EE	0x2040    MOVS	R0, #64
; pos end address is: 0 (R0)
0x80001F0	0xE02C    B	L_GPIO_Clk_Enable1
;__Lib_GPIO_32F7xx.c, 40 :: 		
L_GPIO_Clk_Enable9:
; pos start address is: 0 (R0)
0x80001F2	0x2080    MOVS	R0, #128
; pos end address is: 0 (R0)
0x80001F4	0xE02A    B	L_GPIO_Clk_Enable1
;__Lib_GPIO_32F7xx.c, 41 :: 		
L_GPIO_Clk_Enable10:
; pos start address is: 0 (R0)
0x80001F6	0xF2401000  MOVW	R0, #256
; pos end address is: 0 (R0)
0x80001FA	0xE027    B	L_GPIO_Clk_Enable1
;__Lib_GPIO_32F7xx.c, 42 :: 		
L_GPIO_Clk_Enable11:
; pos start address is: 0 (R0)
0x80001FC	0xF2402000  MOVW	R0, #512
; pos end address is: 0 (R0)
0x8000200	0xE024    B	L_GPIO_Clk_Enable1
;__Lib_GPIO_32F7xx.c, 43 :: 		
L_GPIO_Clk_Enable12:
; pos start address is: 0 (R0)
0x8000202	0xF2404000  MOVW	R0, #1024
; pos end address is: 0 (R0)
0x8000206	0xE021    B	L_GPIO_Clk_Enable1
;__Lib_GPIO_32F7xx.c, 44 :: 		
L_GPIO_Clk_Enable0:
; pos start address is: 8 (R2)
; prt start address is: 0 (R0)
0x8000208	0x4915    LDR	R1, [PC, #84]
0x800020A	0x4288    CMP	R0, R1
0x800020C	0xD0E3    BEQ	L_GPIO_Clk_Enable2
0x800020E	0x4915    LDR	R1, [PC, #84]
0x8000210	0x4288    CMP	R0, R1
0x8000212	0xD0E2    BEQ	L_GPIO_Clk_Enable3
0x8000214	0x4914    LDR	R1, [PC, #80]
0x8000216	0x4288    CMP	R0, R1
0x8000218	0xD0E1    BEQ	L_GPIO_Clk_Enable4
0x800021A	0x4914    LDR	R1, [PC, #80]
0x800021C	0x4288    CMP	R0, R1
0x800021E	0xD0E0    BEQ	L_GPIO_Clk_Enable5
0x8000220	0x4913    LDR	R1, [PC, #76]
0x8000222	0x4288    CMP	R0, R1
0x8000224	0xD0DF    BEQ	L_GPIO_Clk_Enable6
0x8000226	0x4913    LDR	R1, [PC, #76]
0x8000228	0x4288    CMP	R0, R1
0x800022A	0xD0DE    BEQ	L_GPIO_Clk_Enable7
0x800022C	0x4912    LDR	R1, [PC, #72]
0x800022E	0x4288    CMP	R0, R1
0x8000230	0xD0DD    BEQ	L_GPIO_Clk_Enable8
0x8000232	0x4912    LDR	R1, [PC, #72]
0x8000234	0x4288    CMP	R0, R1
0x8000236	0xD0DC    BEQ	L_GPIO_Clk_Enable9
0x8000238	0x4911    LDR	R1, [PC, #68]
0x800023A	0x4288    CMP	R0, R1
0x800023C	0xD0DB    BEQ	L_GPIO_Clk_Enable10
0x800023E	0x4911    LDR	R1, [PC, #68]
0x8000240	0x4288    CMP	R0, R1
0x8000242	0xD0DB    BEQ	L_GPIO_Clk_Enable11
0x8000244	0x4910    LDR	R1, [PC, #64]
0x8000246	0x4288    CMP	R0, R1
0x8000248	0xD0DB    BEQ	L_GPIO_Clk_Enable12
; prt end address is: 0 (R0)
; pos end address is: 8 (R2)
0x800024A	0x4610    MOV	R0, R2
L_GPIO_Clk_Enable1:
;__Lib_GPIO_32F7xx.c, 46 :: 		
; pos start address is: 0 (R0)
0x800024C	0x490F    LDR	R1, [PC, #60]
0x800024E	0x6809    LDR	R1, [R1, #0]
0x8000250	0xEA410200  ORR	R2, R1, R0, LSL #0
; pos end address is: 0 (R0)
0x8000254	0x490D    LDR	R1, [PC, #52]
0x8000256	0x600A    STR	R2, [R1, #0]
;__Lib_GPIO_32F7xx.c, 47 :: 		
L_end_GPIO_Clk_Enable:
0x8000258	0xB001    ADD	SP, SP, #4
0x800025A	0x4770    BX	LR
0x800025C	0xFC00FFFF  	#-1024
0x8000260	0x00004002  	#1073872896
0x8000264	0x04004002  	#1073873920
0x8000268	0x08004002  	#1073874944
0x800026C	0x0C004002  	#1073875968
0x8000270	0x10004002  	#1073876992
0x8000274	0x14004002  	#1073878016
0x8000278	0x18004002  	#1073879040
0x800027C	0x1C004002  	#1073880064
0x8000280	0x20004002  	#1073881088
0x8000284	0x24004002  	#1073882112
0x8000288	0x28004002  	#1073883136
0x800028C	0x38304002  	RCC_AHB1ENR+0
; end of _GPIO_Clk_Enable
_Button:
;__Lib_Button.c, 6 :: 		
; active_state start address is: 12 (R3)
; time_ms start address is: 8 (R2)
; pin start address is: 4 (R1)
; port start address is: 0 (R0)
0x80005E8	0xB081    SUB	SP, SP, #4
0x80005EA	0xF8CDE000  STR	LR, [SP, #0]
0x80005EE	0x460E    MOV	R6, R1
0x80005F0	0x4611    MOV	R1, R2
; active_state end address is: 12 (R3)
; time_ms end address is: 8 (R2)
; pin end address is: 4 (R1)
; port end address is: 0 (R0)
; port start address is: 0 (R0)
; pin start address is: 24 (R6)
; time_ms start address is: 4 (R1)
; active_state start address is: 12 (R3)
;__Lib_Button.c, 8 :: 		
; rslt start address is: 8 (R2)
0x80005F2	0xF04F0200  MOV	R2, #0
;__Lib_Button.c, 11 :: 		
0x80005F6	0xF04F0401  MOV	R4, #1
0x80005FA	0xFA04F506  LSL	R5, R4, R6
; pin end address is: 24 (R6)
; pMask start address is: 24 (R6)
0x80005FE	0x462E    MOV	R6, R5
;__Lib_Button.c, 13 :: 		
0x8000600	0x6804    LDR	R4, [R0, #0]
0x8000602	0x402C    ANDS	R4, R5
0x8000604	0x2C00    CMP	R4, #0
0x8000606	0xF2400400  MOVW	R4, #0
0x800060A	0xD100    BNE	L__Button7
0x800060C	0x2401    MOVS	R4, #1
L__Button7:
0x800060E	0xB2E4    UXTB	R4, R4
0x8000610	0x405C    EORS	R4, R3
0x8000612	0xB1BC    CBZ	R4, L__Button5
; time_ms end address is: 4 (R1)
; pMask end address is: 24 (R6)
; rslt end address is: 8 (R2)
; active_state end address is: 12 (R3)
; port end address is: 0 (R0)
0x8000614	0x460D    MOV	R5, R1
0x8000616	0x4631    MOV	R1, R6
;__Lib_Button.c, 15 :: 		
L_Button1:
; pMask start address is: 4 (R1)
; rslt start address is: 8 (R2)
; active_state start address is: 12 (R3)
; time_ms start address is: 20 (R5)
; port start address is: 0 (R0)
0x8000618	0x2D00    CMP	R5, #0
0x800061A	0xD905    BLS	L_Button2
;__Lib_Button.c, 16 :: 		
0x800061C	0xF7FFFF50  BL	_Delay_500us+0
;__Lib_Button.c, 17 :: 		
0x8000620	0xF7FFFF4E  BL	_Delay_500us+0
;__Lib_Button.c, 18 :: 		
0x8000624	0x1E6D    SUBS	R5, R5, #1
;__Lib_Button.c, 19 :: 		
; time_ms end address is: 20 (R5)
0x8000626	0xE7F7    B	L_Button1
L_Button2:
;__Lib_Button.c, 21 :: 		
0x8000628	0x6804    LDR	R4, [R0, #0]
; port end address is: 0 (R0)
0x800062A	0x400C    ANDS	R4, R1
; pMask end address is: 4 (R1)
0x800062C	0x2C00    CMP	R4, #0
0x800062E	0xF2400400  MOVW	R4, #0
0x8000632	0xD100    BNE	L__Button8
0x8000634	0x2401    MOVS	R4, #1
L__Button8:
0x8000636	0xB2E4    UXTB	R4, R4
0x8000638	0x405C    EORS	R4, R3
; active_state end address is: 12 (R3)
0x800063A	0xB10C    CBZ	R4, L__Button4
; rslt end address is: 8 (R2)
;__Lib_Button.c, 22 :: 		
; rslt start address is: 0 (R0)
0x800063C	0x20FF    MOVS	R0, #255
; rslt end address is: 0 (R0)
0x800063E	0xE000    B	L_Button3
L__Button4:
;__Lib_Button.c, 21 :: 		
0x8000640	0x4610    MOV	R0, R2
;__Lib_Button.c, 22 :: 		
L_Button3:
;__Lib_Button.c, 23 :: 		
; rslt start address is: 0 (R0)
; rslt end address is: 0 (R0)
0x8000642	0xE000    B	L_Button0
L__Button5:
;__Lib_Button.c, 13 :: 		
0x8000644	0x4610    MOV	R0, R2
;__Lib_Button.c, 23 :: 		
L_Button0:
;__Lib_Button.c, 25 :: 		
; rslt start address is: 0 (R0)
0x8000646	0xB280    UXTH	R0, R0
; rslt end address is: 0 (R0)
;__Lib_Button.c, 26 :: 		
L_end_Button:
0x8000648	0xF8DDE000  LDR	LR, [SP, #0]
0x800064C	0xB001    ADD	SP, SP, #4
0x800064E	0x4770    BX	LR
; end of _Button
_Delay_500us:
;__Lib_Delays.c, 33 :: 		void Delay_500us() {
;__Lib_Delays.c, 34 :: 		Delay_us(498);
0x80004C0	0xF641771A  MOVW	R7, #7962
0x80004C4	0xF2C00700  MOVT	R7, #0
L_Delay_500us10:
0x80004C8	0x1E7F    SUBS	R7, R7, #1
0x80004CA	0xD1FD    BNE	L_Delay_500us10
0x80004CC	0xBF00    NOP
0x80004CE	0xBF00    NOP
0x80004D0	0xBF00    NOP
0x80004D2	0xBF00    NOP
0x80004D4	0xBF00    NOP
;__Lib_Delays.c, 35 :: 		}
L_end_Delay_500us:
0x80004D6	0x4770    BX	LR
; end of _Delay_500us
___CC2DW:
;__Lib_System_F7xx.c, 44 :: 		
0x8000528	0xB081    SUB	SP, SP, #4
;__Lib_System_F7xx.c, 46 :: 		
L_loopDW:
;__Lib_System_F7xx.c, 47 :: 		
0x800052A	0xF81C9B01  LDRB	R9, [R12], #1
;__Lib_System_F7xx.c, 48 :: 		
0x800052E	0xF80B9B01  STRB	R9, [R11], #1
;__Lib_System_F7xx.c, 49 :: 		
0x8000532	0xEBBB0F0A  CMP	R11, R10, LSL #0
;__Lib_System_F7xx.c, 50 :: 		
0x8000536	0xD1F8    BNE	L_loopDW
;__Lib_System_F7xx.c, 52 :: 		
L_end___CC2DW:
0x8000538	0xB001    ADD	SP, SP, #4
0x800053A	0x4770    BX	LR
; end of ___CC2DW
__Lib_System_F7xx_InitialSetUpRCCRCC2:
;__Lib_System_F7xx.c, 541 :: 		
0x8000708	0xB082    SUB	SP, SP, #8
0x800070A	0xF8CDE000  STR	LR, [SP, #0]
;__Lib_System_F7xx.c, 544 :: 		
; ulRCC_CR start address is: 8 (R2)
0x800070E	0x4A8B    LDR	R2, [PC, #556]
;__Lib_System_F7xx.c, 545 :: 		
; ulRCC_PLLCFGR start address is: 12 (R3)
0x8000710	0x4B8B    LDR	R3, [PC, #556]
;__Lib_System_F7xx.c, 546 :: 		
; ulRCC_CFGR start address is: 16 (R4)
0x8000712	0x4C8C    LDR	R4, [PC, #560]
;__Lib_System_F7xx.c, 547 :: 		
; ulVOLTAGE_RANGE start address is: 20 (R5)
0x8000714	0x4D8C    LDR	R5, [PC, #560]
;__Lib_System_F7xx.c, 548 :: 		
; Fosc_kHz start address is: 24 (R6)
0x8000716	0x4E8D    LDR	R6, [PC, #564]
;__Lib_System_F7xx.c, 551 :: 		
0x8000718	0xF7FFFF10  BL	__Lib_System_F7xx_SystemClockSetDefault+0
;__Lib_System_F7xx.c, 556 :: 		
0x800071C	0x488C    LDR	R0, [PC, #560]
0x800071E	0x6800    LDR	R0, [R0, #0]
0x8000720	0xF0405180  ORR	R1, R0, #268435456
0x8000724	0x488A    LDR	R0, [PC, #552]
0x8000726	0x6001    STR	R1, [R0, #0]
;__Lib_System_F7xx.c, 558 :: 		
0x8000728	0x488A    LDR	R0, [PC, #552]
0x800072A	0x6800    LDR	R0, [R0, #0]
0x800072C	0xF4404140  ORR	R1, R0, #49152
0x8000730	0x4888    LDR	R0, [PC, #544]
0x8000732	0x6001    STR	R1, [R0, #0]
;__Lib_System_F7xx.c, 560 :: 		
0x8000734	0x4888    LDR	R0, [PC, #544]
0x8000736	0x6800    LDR	R0, [R0, #0]
0x8000738	0xF4407180  ORR	R1, R0, #256
0x800073C	0x4886    LDR	R0, [PC, #536]
0x800073E	0x6001    STR	R1, [R0, #0]
;__Lib_System_F7xx.c, 562 :: 		
0x8000740	0x2D03    CMP	R5, #3
0x8000742	0xF0408050  BNE	L___Lib_System_F7xx_InitialSetUpRCCRCC238
; ulVOLTAGE_RANGE end address is: 20 (R5)
;__Lib_System_F7xx.c, 563 :: 		
0x8000746	0x4885    LDR	R0, [PC, #532]
0x8000748	0x4286    CMP	R6, R0
0x800074A	0xD906    BLS	L___Lib_System_F7xx_InitialSetUpRCCRCC239
; Fosc_kHz end address is: 24 (R6)
;__Lib_System_F7xx.c, 564 :: 		
0x800074C	0x4882    LDR	R0, [PC, #520]
0x800074E	0x6800    LDR	R0, [R0, #0]
0x8000750	0xF0400107  ORR	R1, R0, #7
0x8000754	0x4880    LDR	R0, [PC, #512]
0x8000756	0x6001    STR	R1, [R0, #0]
0x8000758	0xE044    B	L___Lib_System_F7xx_InitialSetUpRCCRCC240
L___Lib_System_F7xx_InitialSetUpRCCRCC239:
;__Lib_System_F7xx.c, 565 :: 		
; Fosc_kHz start address is: 24 (R6)
0x800075A	0x4881    LDR	R0, [PC, #516]
0x800075C	0x4286    CMP	R6, R0
0x800075E	0xD906    BLS	L___Lib_System_F7xx_InitialSetUpRCCRCC241
; Fosc_kHz end address is: 24 (R6)
;__Lib_System_F7xx.c, 566 :: 		
0x8000760	0x487D    LDR	R0, [PC, #500]
0x8000762	0x6800    LDR	R0, [R0, #0]
0x8000764	0xF0400106  ORR	R1, R0, #6
0x8000768	0x487B    LDR	R0, [PC, #492]
0x800076A	0x6001    STR	R1, [R0, #0]
0x800076C	0xE03A    B	L___Lib_System_F7xx_InitialSetUpRCCRCC242
L___Lib_System_F7xx_InitialSetUpRCCRCC241:
;__Lib_System_F7xx.c, 567 :: 		
; Fosc_kHz start address is: 24 (R6)
0x800076E	0x487D    LDR	R0, [PC, #500]
0x8000770	0x4286    CMP	R6, R0
0x8000772	0xD906    BLS	L___Lib_System_F7xx_InitialSetUpRCCRCC243
; Fosc_kHz end address is: 24 (R6)
;__Lib_System_F7xx.c, 568 :: 		
0x8000774	0x4878    LDR	R0, [PC, #480]
0x8000776	0x6800    LDR	R0, [R0, #0]
0x8000778	0xF0400105  ORR	R1, R0, #5
0x800077C	0x4876    LDR	R0, [PC, #472]
0x800077E	0x6001    STR	R1, [R0, #0]
0x8000780	0xE030    B	L___Lib_System_F7xx_InitialSetUpRCCRCC244
L___Lib_System_F7xx_InitialSetUpRCCRCC243:
;__Lib_System_F7xx.c, 569 :: 		
; Fosc_kHz start address is: 24 (R6)
0x8000782	0x4879    LDR	R0, [PC, #484]
0x8000784	0x4286    CMP	R6, R0
0x8000786	0xD906    BLS	L___Lib_System_F7xx_InitialSetUpRCCRCC245
; Fosc_kHz end address is: 24 (R6)
;__Lib_System_F7xx.c, 570 :: 		
0x8000788	0x4873    LDR	R0, [PC, #460]
0x800078A	0x6800    LDR	R0, [R0, #0]
0x800078C	0xF0400104  ORR	R1, R0, #4
0x8000790	0x4871    LDR	R0, [PC, #452]
0x8000792	0x6001    STR	R1, [R0, #0]
0x8000794	0xE026    B	L___Lib_System_F7xx_InitialSetUpRCCRCC246
L___Lib_System_F7xx_InitialSetUpRCCRCC245:
;__Lib_System_F7xx.c, 571 :: 		
; Fosc_kHz start address is: 24 (R6)
0x8000796	0x4875    LDR	R0, [PC, #468]
0x8000798	0x4286    CMP	R6, R0
0x800079A	0xD906    BLS	L___Lib_System_F7xx_InitialSetUpRCCRCC247
; Fosc_kHz end address is: 24 (R6)
;__Lib_System_F7xx.c, 572 :: 		
0x800079C	0x486E    LDR	R0, [PC, #440]
0x800079E	0x6800    LDR	R0, [R0, #0]
0x80007A0	0xF0400103  ORR	R1, R0, #3
0x80007A4	0x486C    LDR	R0, [PC, #432]
0x80007A6	0x6001    STR	R1, [R0, #0]
0x80007A8	0xE01C    B	L___Lib_System_F7xx_InitialSetUpRCCRCC248
L___Lib_System_F7xx_InitialSetUpRCCRCC247:
;__Lib_System_F7xx.c, 573 :: 		
; Fosc_kHz start address is: 24 (R6)
0x80007AA	0xF64E2060  MOVW	R0, #60000
0x80007AE	0x4286    CMP	R6, R0
0x80007B0	0xD906    BLS	L___Lib_System_F7xx_InitialSetUpRCCRCC249
; Fosc_kHz end address is: 24 (R6)
;__Lib_System_F7xx.c, 574 :: 		
0x80007B2	0x4869    LDR	R0, [PC, #420]
0x80007B4	0x6800    LDR	R0, [R0, #0]
0x80007B6	0xF0400102  ORR	R1, R0, #2
0x80007BA	0x4867    LDR	R0, [PC, #412]
0x80007BC	0x6001    STR	R1, [R0, #0]
0x80007BE	0xE011    B	L___Lib_System_F7xx_InitialSetUpRCCRCC250
L___Lib_System_F7xx_InitialSetUpRCCRCC249:
;__Lib_System_F7xx.c, 575 :: 		
; Fosc_kHz start address is: 24 (R6)
0x80007C0	0xF2475030  MOVW	R0, #30000
0x80007C4	0x4286    CMP	R6, R0
0x80007C6	0xD906    BLS	L___Lib_System_F7xx_InitialSetUpRCCRCC251
; Fosc_kHz end address is: 24 (R6)
;__Lib_System_F7xx.c, 576 :: 		
0x80007C8	0x4863    LDR	R0, [PC, #396]
0x80007CA	0x6800    LDR	R0, [R0, #0]
0x80007CC	0xF0400101  ORR	R1, R0, #1
0x80007D0	0x4861    LDR	R0, [PC, #388]
0x80007D2	0x6001    STR	R1, [R0, #0]
0x80007D4	0xE006    B	L___Lib_System_F7xx_InitialSetUpRCCRCC252
L___Lib_System_F7xx_InitialSetUpRCCRCC251:
;__Lib_System_F7xx.c, 578 :: 		
0x80007D6	0x4860    LDR	R0, [PC, #384]
0x80007D8	0x6801    LDR	R1, [R0, #0]
0x80007DA	0xF06F000F  MVN	R0, #15
0x80007DE	0x4001    ANDS	R1, R0
0x80007E0	0x485D    LDR	R0, [PC, #372]
0x80007E2	0x6001    STR	R1, [R0, #0]
L___Lib_System_F7xx_InitialSetUpRCCRCC252:
L___Lib_System_F7xx_InitialSetUpRCCRCC250:
L___Lib_System_F7xx_InitialSetUpRCCRCC248:
L___Lib_System_F7xx_InitialSetUpRCCRCC246:
L___Lib_System_F7xx_InitialSetUpRCCRCC244:
L___Lib_System_F7xx_InitialSetUpRCCRCC242:
L___Lib_System_F7xx_InitialSetUpRCCRCC240:
;__Lib_System_F7xx.c, 579 :: 		
0x80007E4	0xE153    B	L___Lib_System_F7xx_InitialSetUpRCCRCC253
L___Lib_System_F7xx_InitialSetUpRCCRCC238:
;__Lib_System_F7xx.c, 580 :: 		
; Fosc_kHz start address is: 24 (R6)
; ulVOLTAGE_RANGE start address is: 20 (R5)
0x80007E6	0x2D02    CMP	R5, #2
0x80007E8	0xF040805A  BNE	L___Lib_System_F7xx_InitialSetUpRCCRCC254
; ulVOLTAGE_RANGE end address is: 20 (R5)
;__Lib_System_F7xx.c, 581 :: 		
0x80007EC	0x4860    LDR	R0, [PC, #384]
0x80007EE	0x4286    CMP	R6, R0
0x80007F0	0xD906    BLS	L___Lib_System_F7xx_InitialSetUpRCCRCC255
; Fosc_kHz end address is: 24 (R6)
;__Lib_System_F7xx.c, 582 :: 		
0x80007F2	0x4859    LDR	R0, [PC, #356]
0x80007F4	0x6800    LDR	R0, [R0, #0]
0x80007F6	0xF0400108  ORR	R1, R0, #8
0x80007FA	0x4857    LDR	R0, [PC, #348]
0x80007FC	0x6001    STR	R1, [R0, #0]
0x80007FE	0xE04E    B	L___Lib_System_F7xx_InitialSetUpRCCRCC256
L___Lib_System_F7xx_InitialSetUpRCCRCC255:
;__Lib_System_F7xx.c, 583 :: 		
; Fosc_kHz start address is: 24 (R6)
0x8000800	0x485C    LDR	R0, [PC, #368]
0x8000802	0x4286    CMP	R6, R0
0x8000804	0xD906    BLS	L___Lib_System_F7xx_InitialSetUpRCCRCC257
; Fosc_kHz end address is: 24 (R6)
;__Lib_System_F7xx.c, 584 :: 		
0x8000806	0x4854    LDR	R0, [PC, #336]
0x8000808	0x6800    LDR	R0, [R0, #0]
0x800080A	0xF0400107  ORR	R1, R0, #7
0x800080E	0x4852    LDR	R0, [PC, #328]
0x8000810	0x6001    STR	R1, [R0, #0]
0x8000812	0xE044    B	L___Lib_System_F7xx_InitialSetUpRCCRCC258
L___Lib_System_F7xx_InitialSetUpRCCRCC257:
;__Lib_System_F7xx.c, 585 :: 		
; Fosc_kHz start address is: 24 (R6)
0x8000814	0x4858    LDR	R0, [PC, #352]
0x8000816	0x4286    CMP	R6, R0
0x8000818	0xD906    BLS	L___Lib_System_F7xx_InitialSetUpRCCRCC259
; Fosc_kHz end address is: 24 (R6)
;__Lib_System_F7xx.c, 586 :: 		
0x800081A	0x484F    LDR	R0, [PC, #316]
0x800081C	0x6800    LDR	R0, [R0, #0]
0x800081E	0xF0400106  ORR	R1, R0, #6
0x8000822	0x484D    LDR	R0, [PC, #308]
0x8000824	0x6001    STR	R1, [R0, #0]
0x8000826	0xE03A    B	L___Lib_System_F7xx_InitialSetUpRCCRCC260
L___Lib_System_F7xx_InitialSetUpRCCRCC259:
;__Lib_System_F7xx.c, 587 :: 		
; Fosc_kHz start address is: 24 (R6)
0x8000828	0x484F    LDR	R0, [PC, #316]
0x800082A	0x4286    CMP	R6, R0
0x800082C	0xD906    BLS	L___Lib_System_F7xx_InitialSetUpRCCRCC261
; Fosc_kHz end address is: 24 (R6)
;__Lib_System_F7xx.c, 588 :: 		
0x800082E	0x484A    LDR	R0, [PC, #296]
0x8000830	0x6800    LDR	R0, [R0, #0]
0x8000832	0xF0400105  ORR	R1, R0, #5
0x8000836	0x4848    LDR	R0, [PC, #288]
0x8000838	0x6001    STR	R1, [R0, #0]
0x800083A	0xE030    B	L___Lib_System_F7xx_InitialSetUpRCCRCC262
L___Lib_System_F7xx_InitialSetUpRCCRCC261:
;__Lib_System_F7xx.c, 589 :: 		
; Fosc_kHz start address is: 24 (R6)
0x800083C	0x484F    LDR	R0, [PC, #316]
0x800083E	0x4286    CMP	R6, R0
0x8000840	0xD906    BLS	L___Lib_System_F7xx_InitialSetUpRCCRCC263
; Fosc_kHz end address is: 24 (R6)
;__Lib_System_F7xx.c, 590 :: 		
0x8000842	0x4845    LDR	R0, [PC, #276]
0x8000844	0x6800    LDR	R0, [R0, #0]
0x8000846	0xF0400104  ORR	R1, R0, #4
0x800084A	0x4843    LDR	R0, [PC, #268]
0x800084C	0x6001    STR	R1, [R0, #0]
0x800084E	0xE026    B	L___Lib_System_F7xx_InitialSetUpRCCRCC264
L___Lib_System_F7xx_InitialSetUpRCCRCC263:
;__Lib_System_F7xx.c, 591 :: 		
; Fosc_kHz start address is: 24 (R6)
0x8000850	0x484B    LDR	R0, [PC, #300]
0x8000852	0x4286    CMP	R6, R0
0x8000854	0xD906    BLS	L___Lib_System_F7xx_InitialSetUpRCCRCC265
; Fosc_kHz end address is: 24 (R6)
;__Lib_System_F7xx.c, 592 :: 		
0x8000856	0x4840    LDR	R0, [PC, #256]
0x8000858	0x6800    LDR	R0, [R0, #0]
0x800085A	0xF0400103  ORR	R1, R0, #3
0x800085E	0x483E    LDR	R0, [PC, #248]
0x8000860	0x6001    STR	R1, [R0, #0]
0x8000862	0xE01C    B	L___Lib_System_F7xx_InitialSetUpRCCRCC266
L___Lib_System_F7xx_InitialSetUpRCCRCC265:
;__Lib_System_F7xx.c, 593 :: 		
; Fosc_kHz start address is: 24 (R6)
0x8000864	0xF64B3080  MOVW	R0, #48000
0x8000868	0x4286    CMP	R6, R0
0x800086A	0xD906    BLS	L___Lib_System_F7xx_InitialSetUpRCCRCC267
; Fosc_kHz end address is: 24 (R6)
;__Lib_System_F7xx.c, 594 :: 		
0x800086C	0x483A    LDR	R0, [PC, #232]
0x800086E	0x6800    LDR	R0, [R0, #0]
0x8000870	0xF0400102  ORR	R1, R0, #2
0x8000874	0x4838    LDR	R0, [PC, #224]
0x8000876	0x6001    STR	R1, [R0, #0]
0x8000878	0xE011    B	L___Lib_System_F7xx_InitialSetUpRCCRCC268
L___Lib_System_F7xx_InitialSetUpRCCRCC267:
;__Lib_System_F7xx.c, 595 :: 		
; Fosc_kHz start address is: 24 (R6)
0x800087A	0xF64550C0  MOVW	R0, #24000
0x800087E	0x4286    CMP	R6, R0
0x8000880	0xD906    BLS	L___Lib_System_F7xx_InitialSetUpRCCRCC269
; Fosc_kHz end address is: 24 (R6)
;__Lib_System_F7xx.c, 596 :: 		
0x8000882	0x4835    LDR	R0, [PC, #212]
0x8000884	0x6800    LDR	R0, [R0, #0]
0x8000886	0xF0400101  ORR	R1, R0, #1
0x800088A	0x4833    LDR	R0, [PC, #204]
0x800088C	0x6001    STR	R1, [R0, #0]
0x800088E	0xE006    B	L___Lib_System_F7xx_InitialSetUpRCCRCC270
L___Lib_System_F7xx_InitialSetUpRCCRCC269:
;__Lib_System_F7xx.c, 598 :: 		
0x8000890	0x4831    LDR	R0, [PC, #196]
0x8000892	0x6801    LDR	R1, [R0, #0]
0x8000894	0xF06F000F  MVN	R0, #15
0x8000898	0x4001    ANDS	R1, R0
0x800089A	0x482F    LDR	R0, [PC, #188]
0x800089C	0x6001    STR	R1, [R0, #0]
L___Lib_System_F7xx_InitialSetUpRCCRCC270:
L___Lib_System_F7xx_InitialSetUpRCCRCC268:
L___Lib_System_F7xx_InitialSetUpRCCRCC266:
L___Lib_System_F7xx_InitialSetUpRCCRCC264:
L___Lib_System_F7xx_InitialSetUpRCCRCC262:
L___Lib_System_F7xx_InitialSetUpRCCRCC260:
L___Lib_System_F7xx_InitialSetUpRCCRCC258:
L___Lib_System_F7xx_InitialSetUpRCCRCC256:
;__Lib_System_F7xx.c, 599 :: 		
0x800089E	0xE0F6    B	L___Lib_System_F7xx_InitialSetUpRCCRCC271
L___Lib_System_F7xx_InitialSetUpRCCRCC254:
;__Lib_System_F7xx.c, 600 :: 		
; Fosc_kHz start address is: 24 (R6)
; ulVOLTAGE_RANGE start address is: 20 (R5)
0x80008A0	0x2D01    CMP	R5, #1
0x80008A2	0xF0408097  BNE	L___Lib_System_F7xx_InitialSetUpRCCRCC272
; ulVOLTAGE_RANGE end address is: 20 (R5)
;__Lib_System_F7xx.c, 601 :: 		
0x80008A6	0x4837    LDR	R0, [PC, #220]
0x80008A8	0x4286    CMP	R6, R0
0x80008AA	0xD906    BLS	L___Lib_System_F7xx_InitialSetUpRCCRCC273
; Fosc_kHz end address is: 24 (R6)
;__Lib_System_F7xx.c, 602 :: 		
0x80008AC	0x482A    LDR	R0, [PC, #168]
0x80008AE	0x6800    LDR	R0, [R0, #0]
0x80008B0	0xF0400109  ORR	R1, R0, #9
0x80008B4	0x4828    LDR	R0, [PC, #160]
0x80008B6	0x6001    STR	R1, [R0, #0]
0x80008B8	0xE08B    B	L___Lib_System_F7xx_InitialSetUpRCCRCC274
L___Lib_System_F7xx_InitialSetUpRCCRCC273:
;__Lib_System_F7xx.c, 603 :: 		
; Fosc_kHz start address is: 24 (R6)
0x80008BA	0x4833    LDR	R0, [PC, #204]
0x80008BC	0x4286    CMP	R6, R0
0x80008BE	0xD906    BLS	L___Lib_System_F7xx_InitialSetUpRCCRCC275
; Fosc_kHz end address is: 24 (R6)
;__Lib_System_F7xx.c, 604 :: 		
0x80008C0	0x4825    LDR	R0, [PC, #148]
0x80008C2	0x6800    LDR	R0, [R0, #0]
0x80008C4	0xF0400108  ORR	R1, R0, #8
0x80008C8	0x4823    LDR	R0, [PC, #140]
0x80008CA	0x6001    STR	R1, [R0, #0]
0x80008CC	0xE081    B	L___Lib_System_F7xx_InitialSetUpRCCRCC276
L___Lib_System_F7xx_InitialSetUpRCCRCC275:
;__Lib_System_F7xx.c, 605 :: 		
; Fosc_kHz start address is: 24 (R6)
0x80008CE	0x482F    LDR	R0, [PC, #188]
0x80008D0	0x4286    CMP	R6, R0
0x80008D2	0xD906    BLS	L___Lib_System_F7xx_InitialSetUpRCCRCC277
; Fosc_kHz end address is: 24 (R6)
;__Lib_System_F7xx.c, 606 :: 		
0x80008D4	0x4820    LDR	R0, [PC, #128]
0x80008D6	0x6800    LDR	R0, [R0, #0]
0x80008D8	0xF0400107  ORR	R1, R0, #7
0x80008DC	0x481E    LDR	R0, [PC, #120]
0x80008DE	0x6001    STR	R1, [R0, #0]
0x80008E0	0xE077    B	L___Lib_System_F7xx_InitialSetUpRCCRCC278
L___Lib_System_F7xx_InitialSetUpRCCRCC277:
;__Lib_System_F7xx.c, 607 :: 		
; Fosc_kHz start address is: 24 (R6)
0x80008E2	0x482B    LDR	R0, [PC, #172]
0x80008E4	0x4286    CMP	R6, R0
0x80008E6	0xD906    BLS	L___Lib_System_F7xx_InitialSetUpRCCRCC279
; Fosc_kHz end address is: 24 (R6)
;__Lib_System_F7xx.c, 608 :: 		
0x80008E8	0x481B    LDR	R0, [PC, #108]
0x80008EA	0x6800    LDR	R0, [R0, #0]
0x80008EC	0xF0400106  ORR	R1, R0, #6
0x80008F0	0x4819    LDR	R0, [PC, #100]
0x80008F2	0x6001    STR	R1, [R0, #0]
0x80008F4	0xE06D    B	L___Lib_System_F7xx_InitialSetUpRCCRCC280
L___Lib_System_F7xx_InitialSetUpRCCRCC279:
;__Lib_System_F7xx.c, 609 :: 		
; Fosc_kHz start address is: 24 (R6)
0x80008F6	0x4827    LDR	R0, [PC, #156]
0x80008F8	0x4286    CMP	R6, R0
0x80008FA	0xD906    BLS	L___Lib_System_F7xx_InitialSetUpRCCRCC281
; Fosc_kHz end address is: 24 (R6)
;__Lib_System_F7xx.c, 610 :: 		
0x80008FC	0x4816    LDR	R0, [PC, #88]
0x80008FE	0x6800    LDR	R0, [R0, #0]
0x8000900	0xF0400105  ORR	R1, R0, #5
0x8000904	0x4814    LDR	R0, [PC, #80]
0x8000906	0x6001    STR	R1, [R0, #0]
0x8000908	0xE063    B	L___Lib_System_F7xx_InitialSetUpRCCRCC282
L___Lib_System_F7xx_InitialSetUpRCCRCC281:
;__Lib_System_F7xx.c, 611 :: 		
; Fosc_kHz start address is: 24 (R6)
0x800090A	0x4823    LDR	R0, [PC, #140]
0x800090C	0x4286    CMP	R6, R0
0x800090E	0xD906    BLS	L___Lib_System_F7xx_InitialSetUpRCCRCC283
; Fosc_kHz end address is: 24 (R6)
;__Lib_System_F7xx.c, 612 :: 		
0x8000910	0x4811    LDR	R0, [PC, #68]
0x8000912	0x6800    LDR	R0, [R0, #0]
0x8000914	0xF0400104  ORR	R1, R0, #4
0x8000918	0x480F    LDR	R0, [PC, #60]
0x800091A	0x6001    STR	R1, [R0, #0]
0x800091C	0xE059    B	L___Lib_System_F7xx_InitialSetUpRCCRCC284
L___Lib_System_F7xx_InitialSetUpRCCRCC283:
;__Lib_System_F7xx.c, 613 :: 		
; Fosc_kHz start address is: 24 (R6)
0x800091E	0x481F    LDR	R0, [PC, #124]
0x8000920	0x4286    CMP	R6, R0
0x8000922	0xD906    BLS	L___Lib_System_F7xx_InitialSetUpRCCRCC285
; Fosc_kHz end address is: 24 (R6)
;__Lib_System_F7xx.c, 614 :: 		
0x8000924	0x480C    LDR	R0, [PC, #48]
0x8000926	0x6800    LDR	R0, [R0, #0]
0x8000928	0xF0400103  ORR	R1, R0, #3
0x800092C	0x480A    LDR	R0, [PC, #40]
0x800092E	0x6001    STR	R1, [R0, #0]
0x8000930	0xE04F    B	L___Lib_System_F7xx_InitialSetUpRCCRCC286
L___Lib_System_F7xx_InitialSetUpRCCRCC285:
;__Lib_System_F7xx.c, 615 :: 		
; Fosc_kHz start address is: 24 (R6)
0x8000932	0xF64A30E0  MOVW	R0, #44000
0x8000936	0x4286    CMP	R6, R0
0x8000938	0xD939    BLS	L___Lib_System_F7xx_InitialSetUpRCCRCC287
; Fosc_kHz end address is: 24 (R6)
;__Lib_System_F7xx.c, 616 :: 		
0x800093A	0xE031    B	#98
0x800093C	0x00810000  	#129
0x8000940	0x30100400  	#67121168
0x8000944	0x00000000  	#0
0x8000948	0x00030000  	#3
0x800094C	0x3E800000  	#16000
0x8000950	0x38404002  	RCC_APB1ENR+0
0x8000954	0x70004000  	PWR_CR1+0
0x8000958	0x3C004002  	FLASH_ACR+0
0x800095C	0x34500003  	#210000
0x8000960	0xBF200002  	#180000
0x8000964	0x49F00002  	#150000
0x8000968	0xD4C00001  	#120000
0x800096C	0x5F900001  	#90000
0x8000970	0xEE000002  	#192000
0x8000974	0x90400002  	#168000
0x8000978	0x32800002  	#144000
0x800097C	0x77000001  	#96000
0x8000980	0x19400001  	#72000
0x8000984	0x05700003  	#198000
0x8000988	0xAF800002  	#176000
0x800098C	0x59900002  	#154000
0x8000990	0x03A00002  	#132000
0x8000994	0xADB00001  	#110000
0x8000998	0x57C00001  	#88000
0x800099C	0x01D00001  	#66000
0x80009A0	0x485F    LDR	R0, [PC, #380]
0x80009A2	0x6800    LDR	R0, [R0, #0]
0x80009A4	0xF0400102  ORR	R1, R0, #2
0x80009A8	0x485D    LDR	R0, [PC, #372]
0x80009AA	0x6001    STR	R1, [R0, #0]
0x80009AC	0xE011    B	L___Lib_System_F7xx_InitialSetUpRCCRCC288
L___Lib_System_F7xx_InitialSetUpRCCRCC287:
;__Lib_System_F7xx.c, 617 :: 		
; Fosc_kHz start address is: 24 (R6)
0x80009AE	0xF24550F0  MOVW	R0, #22000
0x80009B2	0x4286    CMP	R6, R0
0x80009B4	0xD906    BLS	L___Lib_System_F7xx_InitialSetUpRCCRCC289
; Fosc_kHz end address is: 24 (R6)
;__Lib_System_F7xx.c, 618 :: 		
0x80009B6	0x485A    LDR	R0, [PC, #360]
0x80009B8	0x6800    LDR	R0, [R0, #0]
0x80009BA	0xF0400101  ORR	R1, R0, #1
0x80009BE	0x4858    LDR	R0, [PC, #352]
0x80009C0	0x6001    STR	R1, [R0, #0]
0x80009C2	0xE006    B	L___Lib_System_F7xx_InitialSetUpRCCRCC290
L___Lib_System_F7xx_InitialSetUpRCCRCC289:
;__Lib_System_F7xx.c, 620 :: 		
0x80009C4	0x4856    LDR	R0, [PC, #344]
0x80009C6	0x6801    LDR	R1, [R0, #0]
0x80009C8	0xF06F000F  MVN	R0, #15
0x80009CC	0x4001    ANDS	R1, R0
0x80009CE	0x4854    LDR	R0, [PC, #336]
0x80009D0	0x6001    STR	R1, [R0, #0]
L___Lib_System_F7xx_InitialSetUpRCCRCC290:
L___Lib_System_F7xx_InitialSetUpRCCRCC288:
L___Lib_System_F7xx_InitialSetUpRCCRCC286:
L___Lib_System_F7xx_InitialSetUpRCCRCC284:
L___Lib_System_F7xx_InitialSetUpRCCRCC282:
L___Lib_System_F7xx_InitialSetUpRCCRCC280:
L___Lib_System_F7xx_InitialSetUpRCCRCC278:
L___Lib_System_F7xx_InitialSetUpRCCRCC276:
L___Lib_System_F7xx_InitialSetUpRCCRCC274:
;__Lib_System_F7xx.c, 621 :: 		
0x80009D2	0xE05C    B	L___Lib_System_F7xx_InitialSetUpRCCRCC291
L___Lib_System_F7xx_InitialSetUpRCCRCC272:
;__Lib_System_F7xx.c, 622 :: 		
; Fosc_kHz start address is: 24 (R6)
; ulVOLTAGE_RANGE start address is: 20 (R5)
0x80009D4	0x2D00    CMP	R5, #0
0x80009D6	0xF040805A  BNE	L___Lib_System_F7xx_InitialSetUpRCCRCC292
; ulVOLTAGE_RANGE end address is: 20 (R5)
;__Lib_System_F7xx.c, 623 :: 		
0x80009DA	0x4852    LDR	R0, [PC, #328]
0x80009DC	0x4286    CMP	R6, R0
0x80009DE	0xD906    BLS	L___Lib_System_F7xx_InitialSetUpRCCRCC293
; Fosc_kHz end address is: 24 (R6)
;__Lib_System_F7xx.c, 624 :: 		
0x80009E0	0x484F    LDR	R0, [PC, #316]
0x80009E2	0x6800    LDR	R0, [R0, #0]
0x80009E4	0xF0400108  ORR	R1, R0, #8
0x80009E8	0x484D    LDR	R0, [PC, #308]
0x80009EA	0x6001    STR	R1, [R0, #0]
0x80009EC	0xE04F    B	L___Lib_System_F7xx_InitialSetUpRCCRCC294
L___Lib_System_F7xx_InitialSetUpRCCRCC293:
;__Lib_System_F7xx.c, 625 :: 		
; Fosc_kHz start address is: 24 (R6)
0x80009EE	0x484E    LDR	R0, [PC, #312]
0x80009F0	0x4286    CMP	R6, R0
0x80009F2	0xD906    BLS	L___Lib_System_F7xx_InitialSetUpRCCRCC295
; Fosc_kHz end address is: 24 (R6)
;__Lib_System_F7xx.c, 626 :: 		
0x80009F4	0x484A    LDR	R0, [PC, #296]
0x80009F6	0x6800    LDR	R0, [R0, #0]
0x80009F8	0xF0400107  ORR	R1, R0, #7
0x80009FC	0x4848    LDR	R0, [PC, #288]
0x80009FE	0x6001    STR	R1, [R0, #0]
0x8000A00	0xE045    B	L___Lib_System_F7xx_InitialSetUpRCCRCC296
L___Lib_System_F7xx_InitialSetUpRCCRCC295:
;__Lib_System_F7xx.c, 627 :: 		
; Fosc_kHz start address is: 24 (R6)
0x8000A02	0x484A    LDR	R0, [PC, #296]
0x8000A04	0x4286    CMP	R6, R0
0x8000A06	0xD906    BLS	L___Lib_System_F7xx_InitialSetUpRCCRCC297
; Fosc_kHz end address is: 24 (R6)
;__Lib_System_F7xx.c, 628 :: 		
0x8000A08	0x4845    LDR	R0, [PC, #276]
0x8000A0A	0x6800    LDR	R0, [R0, #0]
0x8000A0C	0xF0400106  ORR	R1, R0, #6
0x8000A10	0x4843    LDR	R0, [PC, #268]
0x8000A12	0x6001    STR	R1, [R0, #0]
0x8000A14	0xE03B    B	L___Lib_System_F7xx_InitialSetUpRCCRCC298
L___Lib_System_F7xx_InitialSetUpRCCRCC297:
;__Lib_System_F7xx.c, 629 :: 		
; Fosc_kHz start address is: 24 (R6)
0x8000A16	0x4846    LDR	R0, [PC, #280]
0x8000A18	0x4286    CMP	R6, R0
0x8000A1A	0xD906    BLS	L___Lib_System_F7xx_InitialSetUpRCCRCC299
; Fosc_kHz end address is: 24 (R6)
;__Lib_System_F7xx.c, 630 :: 		
0x8000A1C	0x4840    LDR	R0, [PC, #256]
0x8000A1E	0x6800    LDR	R0, [R0, #0]
0x8000A20	0xF0400105  ORR	R1, R0, #5
0x8000A24	0x483E    LDR	R0, [PC, #248]
0x8000A26	0x6001    STR	R1, [R0, #0]
0x8000A28	0xE031    B	L___Lib_System_F7xx_InitialSetUpRCCRCC2100
L___Lib_System_F7xx_InitialSetUpRCCRCC299:
;__Lib_System_F7xx.c, 631 :: 		
; Fosc_kHz start address is: 24 (R6)
0x8000A2A	0x4842    LDR	R0, [PC, #264]
0x8000A2C	0x4286    CMP	R6, R0
0x8000A2E	0xD906    BLS	L___Lib_System_F7xx_InitialSetUpRCCRCC2101
; Fosc_kHz end address is: 24 (R6)
;__Lib_System_F7xx.c, 632 :: 		
0x8000A30	0x483B    LDR	R0, [PC, #236]
0x8000A32	0x6800    LDR	R0, [R0, #0]
0x8000A34	0xF0400104  ORR	R1, R0, #4
0x8000A38	0x4839    LDR	R0, [PC, #228]
0x8000A3A	0x6001    STR	R1, [R0, #0]
0x8000A3C	0xE027    B	L___Lib_System_F7xx_InitialSetUpRCCRCC2102
L___Lib_System_F7xx_InitialSetUpRCCRCC2101:
;__Lib_System_F7xx.c, 633 :: 		
; Fosc_kHz start address is: 24 (R6)
0x8000A3E	0xF64E2060  MOVW	R0, #60000
0x8000A42	0x4286    CMP	R6, R0
0x8000A44	0xD906    BLS	L___Lib_System_F7xx_InitialSetUpRCCRCC2103
; Fosc_kHz end address is: 24 (R6)
;__Lib_System_F7xx.c, 634 :: 		
0x8000A46	0x4836    LDR	R0, [PC, #216]
0x8000A48	0x6800    LDR	R0, [R0, #0]
0x8000A4A	0xF0400103  ORR	R1, R0, #3
0x8000A4E	0x4834    LDR	R0, [PC, #208]
0x8000A50	0x6001    STR	R1, [R0, #0]
0x8000A52	0xE01C    B	L___Lib_System_F7xx_InitialSetUpRCCRCC2104
L___Lib_System_F7xx_InitialSetUpRCCRCC2103:
;__Lib_System_F7xx.c, 635 :: 		
; Fosc_kHz start address is: 24 (R6)
0x8000A54	0xF6494040  MOVW	R0, #40000
0x8000A58	0x4286    CMP	R6, R0
0x8000A5A	0xD906    BLS	L___Lib_System_F7xx_InitialSetUpRCCRCC2105
; Fosc_kHz end address is: 24 (R6)
;__Lib_System_F7xx.c, 636 :: 		
0x8000A5C	0x4830    LDR	R0, [PC, #192]
0x8000A5E	0x6800    LDR	R0, [R0, #0]
0x8000A60	0xF0400102  ORR	R1, R0, #2
0x8000A64	0x482E    LDR	R0, [PC, #184]
0x8000A66	0x6001    STR	R1, [R0, #0]
0x8000A68	0xE011    B	L___Lib_System_F7xx_InitialSetUpRCCRCC2106
L___Lib_System_F7xx_InitialSetUpRCCRCC2105:
;__Lib_System_F7xx.c, 637 :: 		
; Fosc_kHz start address is: 24 (R6)
0x8000A6A	0xF6446020  MOVW	R0, #20000
0x8000A6E	0x4286    CMP	R6, R0
0x8000A70	0xD906    BLS	L___Lib_System_F7xx_InitialSetUpRCCRCC2107
; Fosc_kHz end address is: 24 (R6)
;__Lib_System_F7xx.c, 638 :: 		
0x8000A72	0x482B    LDR	R0, [PC, #172]
0x8000A74	0x6800    LDR	R0, [R0, #0]
0x8000A76	0xF0400101  ORR	R1, R0, #1
0x8000A7A	0x4829    LDR	R0, [PC, #164]
0x8000A7C	0x6001    STR	R1, [R0, #0]
0x8000A7E	0xE006    B	L___Lib_System_F7xx_InitialSetUpRCCRCC2108
L___Lib_System_F7xx_InitialSetUpRCCRCC2107:
;__Lib_System_F7xx.c, 640 :: 		
0x8000A80	0x4827    LDR	R0, [PC, #156]
0x8000A82	0x6801    LDR	R1, [R0, #0]
0x8000A84	0xF06F000F  MVN	R0, #15
0x8000A88	0x4001    ANDS	R1, R0
0x8000A8A	0x4825    LDR	R0, [PC, #148]
0x8000A8C	0x6001    STR	R1, [R0, #0]
L___Lib_System_F7xx_InitialSetUpRCCRCC2108:
L___Lib_System_F7xx_InitialSetUpRCCRCC2106:
L___Lib_System_F7xx_InitialSetUpRCCRCC2104:
L___Lib_System_F7xx_InitialSetUpRCCRCC2102:
L___Lib_System_F7xx_InitialSetUpRCCRCC2100:
L___Lib_System_F7xx_InitialSetUpRCCRCC298:
L___Lib_System_F7xx_InitialSetUpRCCRCC296:
L___Lib_System_F7xx_InitialSetUpRCCRCC294:
;__Lib_System_F7xx.c, 641 :: 		
L___Lib_System_F7xx_InitialSetUpRCCRCC292:
L___Lib_System_F7xx_InitialSetUpRCCRCC291:
L___Lib_System_F7xx_InitialSetUpRCCRCC271:
L___Lib_System_F7xx_InitialSetUpRCCRCC253:
;__Lib_System_F7xx.c, 644 :: 		
0x8000A8E	0xF7FFFD23  BL	__Lib_System_F7xx_EnableOverdriveMode+0
;__Lib_System_F7xx.c, 646 :: 		
0x8000A92	0x4829    LDR	R0, [PC, #164]
0x8000A94	0x6003    STR	R3, [R0, #0]
; ulRCC_PLLCFGR end address is: 12 (R3)
;__Lib_System_F7xx.c, 647 :: 		
0x8000A96	0x4829    LDR	R0, [PC, #164]
0x8000A98	0x6004    STR	R4, [R0, #0]
;__Lib_System_F7xx.c, 648 :: 		
0x8000A9A	0x4829    LDR	R0, [PC, #164]
0x8000A9C	0xEA020100  AND	R1, R2, R0, LSL #0
0x8000AA0	0x4828    LDR	R0, [PC, #160]
0x8000AA2	0x6001    STR	R1, [R0, #0]
;__Lib_System_F7xx.c, 650 :: 		
0x8000AA4	0xF0020001  AND	R0, R2, #1
0x8000AA8	0xB140    CBZ	R0, L___Lib_System_F7xx_InitialSetUpRCCRCC2120
; ulRCC_CFGR end address is: 16 (R4)
; ulRCC_CR end address is: 8 (R2)
0x8000AAA	0x4621    MOV	R1, R4
;__Lib_System_F7xx.c, 651 :: 		
L___Lib_System_F7xx_InitialSetUpRCCRCC2110:
; ulRCC_CFGR start address is: 4 (R1)
; ulRCC_CR start address is: 8 (R2)
0x8000AAC	0x4825    LDR	R0, [PC, #148]
0x8000AAE	0x6800    LDR	R0, [R0, #0]
0x8000AB0	0xF0000002  AND	R0, R0, #2
0x8000AB4	0x2800    CMP	R0, #0
0x8000AB6	0xD100    BNE	L___Lib_System_F7xx_InitialSetUpRCCRCC2111
;__Lib_System_F7xx.c, 652 :: 		
0x8000AB8	0xE7F8    B	L___Lib_System_F7xx_InitialSetUpRCCRCC2110
L___Lib_System_F7xx_InitialSetUpRCCRCC2111:
;__Lib_System_F7xx.c, 653 :: 		
; ulRCC_CFGR end address is: 4 (R1)
0x8000ABA	0xE000    B	L___Lib_System_F7xx_InitialSetUpRCCRCC2109
; ulRCC_CR end address is: 8 (R2)
L___Lib_System_F7xx_InitialSetUpRCCRCC2120:
;__Lib_System_F7xx.c, 650 :: 		
0x8000ABC	0x4621    MOV	R1, R4
;__Lib_System_F7xx.c, 653 :: 		
L___Lib_System_F7xx_InitialSetUpRCCRCC2109:
;__Lib_System_F7xx.c, 655 :: 		
; ulRCC_CFGR start address is: 4 (R1)
; ulRCC_CR start address is: 8 (R2)
0x8000ABE	0xF4023080  AND	R0, R2, #65536
0x8000AC2	0xB148    CBZ	R0, L___Lib_System_F7xx_InitialSetUpRCCRCC2121
; ulRCC_CR end address is: 8 (R2)
; ulRCC_CFGR end address is: 4 (R1)
;__Lib_System_F7xx.c, 656 :: 		
L___Lib_System_F7xx_InitialSetUpRCCRCC2113:
; ulRCC_CR start address is: 8 (R2)
; ulRCC_CFGR start address is: 4 (R1)
0x8000AC4	0x481F    LDR	R0, [PC, #124]
0x8000AC6	0x6800    LDR	R0, [R0, #0]
0x8000AC8	0xF4003000  AND	R0, R0, #131072
0x8000ACC	0xB900    CBNZ	R0, L___Lib_System_F7xx_InitialSetUpRCCRCC2114
;__Lib_System_F7xx.c, 657 :: 		
0x8000ACE	0xE7F9    B	L___Lib_System_F7xx_InitialSetUpRCCRCC2113
L___Lib_System_F7xx_InitialSetUpRCCRCC2114:
;__Lib_System_F7xx.c, 658 :: 		
0x8000AD0	0x9201    STR	R2, [SP, #4]
; ulRCC_CFGR end address is: 4 (R1)
0x8000AD2	0x460A    MOV	R2, R1
0x8000AD4	0x9901    LDR	R1, [SP, #4]
0x8000AD6	0xE002    B	L___Lib_System_F7xx_InitialSetUpRCCRCC2112
; ulRCC_CR end address is: 8 (R2)
L___Lib_System_F7xx_InitialSetUpRCCRCC2121:
;__Lib_System_F7xx.c, 655 :: 		
0x8000AD8	0x9101    STR	R1, [SP, #4]
0x8000ADA	0x4611    MOV	R1, R2
0x8000ADC	0x9A01    LDR	R2, [SP, #4]
;__Lib_System_F7xx.c, 658 :: 		
L___Lib_System_F7xx_InitialSetUpRCCRCC2112:
;__Lib_System_F7xx.c, 660 :: 		
; ulRCC_CR start address is: 4 (R1)
; ulRCC_CFGR start address is: 8 (R2)
0x8000ADE	0xF0017080  AND	R0, R1, #16777216
; ulRCC_CR end address is: 4 (R1)
0x8000AE2	0xB170    CBZ	R0, L___Lib_System_F7xx_InitialSetUpRCCRCC2122
;__Lib_System_F7xx.c, 661 :: 		
0x8000AE4	0x4817    LDR	R0, [PC, #92]
0x8000AE6	0x6800    LDR	R0, [R0, #0]
0x8000AE8	0xF0407180  ORR	R1, R0, #16777216
0x8000AEC	0x4815    LDR	R0, [PC, #84]
0x8000AEE	0x6001    STR	R1, [R0, #0]
; ulRCC_CFGR end address is: 8 (R2)
0x8000AF0	0x4611    MOV	R1, R2
;__Lib_System_F7xx.c, 662 :: 		
L___Lib_System_F7xx_InitialSetUpRCCRCC2116:
; ulRCC_CFGR start address is: 4 (R1)
0x8000AF2	0x4814    LDR	R0, [PC, #80]
0x8000AF4	0x6800    LDR	R0, [R0, #0]
0x8000AF6	0xF0007000  AND	R0, R0, #33554432
0x8000AFA	0xB900    CBNZ	R0, L___Lib_System_F7xx_InitialSetUpRCCRCC2117
;__Lib_System_F7xx.c, 663 :: 		
0x8000AFC	0xE7F9    B	L___Lib_System_F7xx_InitialSetUpRCCRCC2116
L___Lib_System_F7xx_InitialSetUpRCCRCC2117:
;__Lib_System_F7xx.c, 664 :: 		
0x8000AFE	0x460A    MOV	R2, R1
0x8000B00	0xE7FF    B	L___Lib_System_F7xx_InitialSetUpRCCRCC2115
; ulRCC_CFGR end address is: 4 (R1)
L___Lib_System_F7xx_InitialSetUpRCCRCC2122:
;__Lib_System_F7xx.c, 660 :: 		
;__Lib_System_F7xx.c, 664 :: 		
L___Lib_System_F7xx_InitialSetUpRCCRCC2115:
;__Lib_System_F7xx.c, 667 :: 		
; ulRCC_CFGR start address is: 8 (R2)
; ulRCC_CFGR end address is: 8 (R2)
L___Lib_System_F7xx_InitialSetUpRCCRCC2118:
; ulRCC_CFGR start address is: 8 (R2)
0x8000B02	0x480E    LDR	R0, [PC, #56]
0x8000B04	0x6800    LDR	R0, [R0, #0]
0x8000B06	0xF000010C  AND	R1, R0, #12
0x8000B0A	0x0090    LSLS	R0, R2, #2
0x8000B0C	0xF000000C  AND	R0, R0, #12
0x8000B10	0x4281    CMP	R1, R0
0x8000B12	0xD000    BEQ	L___Lib_System_F7xx_InitialSetUpRCCRCC2119
;__Lib_System_F7xx.c, 668 :: 		
; ulRCC_CFGR end address is: 8 (R2)
0x8000B14	0xE7F5    B	L___Lib_System_F7xx_InitialSetUpRCCRCC2118
L___Lib_System_F7xx_InitialSetUpRCCRCC2119:
;__Lib_System_F7xx.c, 669 :: 		
L_end_InitialSetUpRCCRCC2:
0x8000B16	0xF8DDE000  LDR	LR, [SP, #0]
0x8000B1A	0xB002    ADD	SP, SP, #8
0x8000B1C	0x4770    BX	LR
0x8000B1E	0xBF00    NOP
0x8000B20	0x3C004002  	FLASH_ACR+0
0x8000B24	0x71000002  	#160000
0x8000B28	0x22E00002  	#140000
0x8000B2C	0xD4C00001  	#120000
0x8000B30	0x86A00001  	#100000
0x8000B34	0x38800001  	#80000
0x8000B38	0x38044002  	RCC_PLLCFGR+0
0x8000B3C	0x38084002  	RCC_CFGR+0
0x8000B40	0xFFFF000F  	#1048575
0x8000B44	0x38004002  	RCC_CR+0
; end of __Lib_System_F7xx_InitialSetUpRCCRCC2
__Lib_System_F7xx_SystemClockSetDefault:
;__Lib_System_F7xx.c, 450 :: 		
0x800053C	0xB081    SUB	SP, SP, #4
;__Lib_System_F7xx.c, 453 :: 		
0x800053E	0x480F    LDR	R0, [PC, #60]
0x8000540	0x6800    LDR	R0, [R0, #0]
0x8000542	0xF0400101  ORR	R1, R0, #1
0x8000546	0x480D    LDR	R0, [PC, #52]
0x8000548	0x6001    STR	R1, [R0, #0]
;__Lib_System_F7xx.c, 456 :: 		
0x800054A	0x2100    MOVS	R1, #0
0x800054C	0x480C    LDR	R0, [PC, #48]
0x800054E	0x6001    STR	R1, [R0, #0]
;__Lib_System_F7xx.c, 459 :: 		
0x8000550	0x480A    LDR	R0, [PC, #40]
0x8000552	0x6801    LDR	R1, [R0, #0]
0x8000554	0x480B    LDR	R0, [PC, #44]
0x8000556	0x4001    ANDS	R1, R0
0x8000558	0x4808    LDR	R0, [PC, #32]
0x800055A	0x6001    STR	R1, [R0, #0]
;__Lib_System_F7xx.c, 462 :: 		
0x800055C	0x490A    LDR	R1, [PC, #40]
0x800055E	0x480B    LDR	R0, [PC, #44]
0x8000560	0x6001    STR	R1, [R0, #0]
;__Lib_System_F7xx.c, 465 :: 		
0x8000562	0x4806    LDR	R0, [PC, #24]
0x8000564	0x6801    LDR	R1, [R0, #0]
0x8000566	0xF46F2080  MVN	R0, #262144
0x800056A	0x4001    ANDS	R1, R0
0x800056C	0x4803    LDR	R0, [PC, #12]
0x800056E	0x6001    STR	R1, [R0, #0]
;__Lib_System_F7xx.c, 468 :: 		
0x8000570	0x2100    MOVS	R1, #0
0x8000572	0x4807    LDR	R0, [PC, #28]
0x8000574	0x6001    STR	R1, [R0, #0]
;__Lib_System_F7xx.c, 470 :: 		
L_end_SystemClockSetDefault:
0x8000576	0xB001    ADD	SP, SP, #4
0x8000578	0x4770    BX	LR
0x800057A	0xBF00    NOP
0x800057C	0x38004002  	RCC_CR+0
0x8000580	0x38084002  	RCC_CFGR+0
0x8000584	0xFFFFFEF6  	#-17367041
0x8000588	0x30102400  	#603992080
0x800058C	0x38044002  	RCC_PLLCFGR+0
0x8000590	0x380C4002  	RCC_CIR+0
; end of __Lib_System_F7xx_SystemClockSetDefault
__Lib_System_F7xx_EnableOverdriveMode:
;__Lib_System_F7xx.c, 478 :: 		
0x80004D8	0xB081    SUB	SP, SP, #4
;__Lib_System_F7xx.c, 480 :: 		
0x80004DA	0x4810    LDR	R0, [PC, #64]
0x80004DC	0x6800    LDR	R0, [R0, #0]
0x80004DE	0xF0405180  ORR	R1, R0, #268435456
0x80004E2	0x480E    LDR	R0, [PC, #56]
0x80004E4	0x6001    STR	R1, [R0, #0]
;__Lib_System_F7xx.c, 482 :: 		
0x80004E6	0x480E    LDR	R0, [PC, #56]
0x80004E8	0x6800    LDR	R0, [R0, #0]
0x80004EA	0xF4403180  ORR	R1, R0, #65536
0x80004EE	0x480C    LDR	R0, [PC, #48]
0x80004F0	0x6001    STR	R1, [R0, #0]
;__Lib_System_F7xx.c, 485 :: 		
L___Lib_System_F7xx_EnableOverdriveMode34:
0x80004F2	0x480C    LDR	R0, [PC, #48]
0x80004F4	0x6800    LDR	R0, [R0, #0]
0x80004F6	0xF4003080  AND	R0, R0, #65536
0x80004FA	0xB900    CBNZ	R0, L___Lib_System_F7xx_EnableOverdriveMode35
;__Lib_System_F7xx.c, 486 :: 		
0x80004FC	0xE7F9    B	L___Lib_System_F7xx_EnableOverdriveMode34
L___Lib_System_F7xx_EnableOverdriveMode35:
;__Lib_System_F7xx.c, 488 :: 		
0x80004FE	0x4808    LDR	R0, [PC, #32]
0x8000500	0x6800    LDR	R0, [R0, #0]
0x8000502	0xF4403100  ORR	R1, R0, #131072
0x8000506	0x4806    LDR	R0, [PC, #24]
0x8000508	0x6001    STR	R1, [R0, #0]
;__Lib_System_F7xx.c, 490 :: 		
L___Lib_System_F7xx_EnableOverdriveMode36:
0x800050A	0x4806    LDR	R0, [PC, #24]
0x800050C	0x6800    LDR	R0, [R0, #0]
0x800050E	0xF4003000  AND	R0, R0, #131072
0x8000512	0xB900    CBNZ	R0, L___Lib_System_F7xx_EnableOverdriveMode37
;__Lib_System_F7xx.c, 491 :: 		
0x8000514	0xE7F9    B	L___Lib_System_F7xx_EnableOverdriveMode36
L___Lib_System_F7xx_EnableOverdriveMode37:
;__Lib_System_F7xx.c, 492 :: 		
L_end_EnableOverdriveMode:
0x8000516	0xB001    ADD	SP, SP, #4
0x8000518	0x4770    BX	LR
0x800051A	0xBF00    NOP
0x800051C	0x38404002  	RCC_APB1ENR+0
0x8000520	0x70004000  	PWR_CR1+0
0x8000524	0x70044000  	PWR_CSR1+0
; end of __Lib_System_F7xx_EnableOverdriveMode
__Lib_System_F7xx_InitialSetUpFosc:
;__Lib_System_F7xx.c, 388 :: 		
0x800068C	0xB081    SUB	SP, SP, #4
;__Lib_System_F7xx.c, 389 :: 		
0x800068E	0x4904    LDR	R1, [PC, #16]
0x8000690	0x4804    LDR	R0, [PC, #16]
0x8000692	0x6001    STR	R1, [R0, #0]
;__Lib_System_F7xx.c, 390 :: 		
0x8000694	0x4904    LDR	R1, [PC, #16]
0x8000696	0x4805    LDR	R0, [PC, #20]
0x8000698	0x6001    STR	R1, [R0, #0]
;__Lib_System_F7xx.c, 391 :: 		
L_end_InitialSetUpFosc:
0x800069A	0xB001    ADD	SP, SP, #4
0x800069C	0x4770    BX	LR
0x800069E	0xBF00    NOP
0x80006A0	0x3E800000  	#16000
0x80006A4	0x00002000  	___System_CLOCK_IN_KHZ+0
0x80006A8	0x00030000  	#3
0x80006AC	0x00042000  	__VOLTAGE_RANGE+0
; end of __Lib_System_F7xx_InitialSetUpFosc
___GenExcept:
;__Lib_System_F7xx.c, 327 :: 		
0x8000684	0xB081    SUB	SP, SP, #4
;__Lib_System_F7xx.c, 328 :: 		
L___GenExcept30:
0x8000686	0xE7FE    B	L___GenExcept30
;__Lib_System_F7xx.c, 329 :: 		
L_end___GenExcept:
0x8000688	0xB001    ADD	SP, SP, #4
0x800068A	0x4770    BX	LR
; end of ___GenExcept
___EnableFPU:
;__Lib_System_F7xx.c, 360 :: 		
0x8000650	0xB081    SUB	SP, SP, #4
;__Lib_System_F7xx.c, 363 :: 		
0x8000652	0xF64E5088  MOVW	R0, #60808
;__Lib_System_F7xx.c, 364 :: 		
0x8000656	0xF2CE0000  MOVT	R0, #57344
;__Lib_System_F7xx.c, 366 :: 		
0x800065A	0x6801    LDR	R1, [R0, #0]
;__Lib_System_F7xx.c, 368 :: 		
0x800065C	0xF4410170  ORR	R1, R1, #15728640
;__Lib_System_F7xx.c, 370 :: 		
0x8000660	0x6001    STR	R1, [R0, #0]
;__Lib_System_F7xx.c, 372 :: 		
0x8000662	0xBF00    NOP
;__Lib_System_F7xx.c, 373 :: 		
0x8000664	0xBF00    NOP
;__Lib_System_F7xx.c, 374 :: 		
0x8000666	0xBF00    NOP
;__Lib_System_F7xx.c, 375 :: 		
0x8000668	0xBF00    NOP
;__Lib_System_F7xx.c, 377 :: 		
0x800066A	0xBF00    NOP
;__Lib_System_F7xx.c, 378 :: 		
0x800066C	0xBF00    NOP
;__Lib_System_F7xx.c, 379 :: 		
0x800066E	0xBF00    NOP
;__Lib_System_F7xx.c, 380 :: 		
0x8000670	0xBF00    NOP
;__Lib_System_F7xx.c, 381 :: 		
0x8000672	0xBF00    NOP
;__Lib_System_F7xx.c, 383 :: 		
0x8000674	0xEEF10A10  VMRS	R0, FPSCR
;__Lib_System_F7xx.c, 384 :: 		
0x8000678	0xF4400040  ORR	R0, R0, #12582912
;__Lib_System_F7xx.c, 385 :: 		
0x800067C	0xEEE10A10  VMSR	FPSCR, R0
;__Lib_System_F7xx.c, 386 :: 		
L_end___EnableFPU:
0x8000680	0xB001    ADD	SP, SP, #4
0x8000682	0x4770    BX	LR
; end of ___EnableFPU
0x8000B48	0xB500    PUSH	(R14)
0x8000B4A	0xF8DFB010  LDR	R11, [PC, #16]
0x8000B4E	0xF8DFA010  LDR	R10, [PC, #16]
0x8000B52	0xF7FFFD2B  BL	134219180
0x8000B56	0xBD00    POP	(R15)
0x8000B58	0x4770    BX	LR
0x8000B5A	0xBF00    NOP
0x8000B5C	0x00002000  	#536870912
0x8000B60	0x00082000  	#536870920
Symbol List:
//** Routines locations **
//ADDRESS    SIZE    PROCEDURE
//----------------------------------------------
0x80001C8     [200]    _GPIO_Clk_Enable
0x8000290     [560]    _GPIO_Config
0x80004C0      [24]    _Delay_500us
0x80004D8      [80]    __Lib_System_F7xx_EnableOverdriveMode
0x8000528      [20]    ___CC2DW
0x800053C      [88]    __Lib_System_F7xx_SystemClockSetDefault
0x8000594      [24]    _GPIO_Digital_Input
0x80005AC      [58]    ___FillZeros
0x80005E8     [104]    _Button
0x8000650      [52]    ___EnableFPU
0x8000684       [8]    ___GenExcept
0x800068C      [36]    __Lib_System_F7xx_InitialSetUpFosc
0x80006B0      [88]    _main
0x8000708    [1088]    __Lib_System_F7xx_InitialSetUpRCCRCC2
//** Variables locations ** 
//ADDRESS    SIZE    VARIABLE
//----------------------------------------------
0x20000000       [4]    ___System_CLOCK_IN_KHZ
0x20000004       [4]    __VOLTAGE_RANGE
